mode: set
github.com/MauriceCalvert/WinMcpShim/installer/atomic.go:11.50,14.16 3 1
github.com/MauriceCalvert/WinMcpShim/installer/atomic.go:14.16,16.3 1 0
github.com/MauriceCalvert/WinMcpShim/installer/atomic.go:17.2,18.15 2 1
github.com/MauriceCalvert/WinMcpShim/installer/atomic.go:18.15,19.20 1 1
github.com/MauriceCalvert/WinMcpShim/installer/atomic.go:19.20,21.4 1 0
github.com/MauriceCalvert/WinMcpShim/installer/atomic.go:23.2,23.43 1 1
github.com/MauriceCalvert/WinMcpShim/installer/atomic.go:23.43,26.3 2 0
github.com/MauriceCalvert/WinMcpShim/installer/atomic.go:27.2,27.36 1 1
github.com/MauriceCalvert/WinMcpShim/installer/atomic.go:27.36,29.3 1 0
github.com/MauriceCalvert/WinMcpShim/installer/atomic.go:30.2,30.49 1 1
github.com/MauriceCalvert/WinMcpShim/installer/atomic.go:30.49,32.3 1 0
github.com/MauriceCalvert/WinMcpShim/installer/atomic.go:33.2,34.12 2 1
github.com/MauriceCalvert/WinMcpShim/installer/atomic.go:38.46,40.16 2 1
github.com/MauriceCalvert/WinMcpShim/installer/atomic.go:40.16,42.3 1 0
github.com/MauriceCalvert/WinMcpShim/installer/atomic.go:43.2,45.20 3 1
github.com/MauriceCalvert/WinMcpShim/installer/atomic.go:45.20,47.12 2 1
github.com/MauriceCalvert/WinMcpShim/installer/atomic.go:47.12,49.4 1 1
github.com/MauriceCalvert/WinMcpShim/installer/atomic.go:50.3,50.55 1 1
github.com/MauriceCalvert/WinMcpShim/installer/atomic.go:50.55,52.9 2 1
github.com/MauriceCalvert/WinMcpShim/installer/atomic.go:55.2,55.58 1 1
github.com/MauriceCalvert/WinMcpShim/installer/atomic.go:55.58,57.3 1 0
github.com/MauriceCalvert/WinMcpShim/installer/atomic.go:58.2,58.21 1 1
github.com/MauriceCalvert/WinMcpShim/installer/claude_config.go:15.68,17.16 2 1
github.com/MauriceCalvert/WinMcpShim/installer/claude_config.go:17.16,18.25 1 1
github.com/MauriceCalvert/WinMcpShim/installer/claude_config.go:18.25,20.4 1 1
github.com/MauriceCalvert/WinMcpShim/installer/claude_config.go:21.3,21.58 1 0
github.com/MauriceCalvert/WinMcpShim/installer/claude_config.go:23.2,24.51 2 1
github.com/MauriceCalvert/WinMcpShim/installer/claude_config.go:24.51,26.3 1 1
github.com/MauriceCalvert/WinMcpShim/installer/claude_config.go:27.2,27.17 1 1
github.com/MauriceCalvert/WinMcpShim/installer/claude_config.go:31.38,33.2 1 1
github.com/MauriceCalvert/WinMcpShim/installer/claude_config.go:37.123,39.9 2 1
github.com/MauriceCalvert/WinMcpShim/installer/claude_config.go:39.9,45.3 2 1
github.com/MauriceCalvert/WinMcpShim/installer/claude_config.go:46.2,47.9 2 1
github.com/MauriceCalvert/WinMcpShim/installer/claude_config.go:47.9,52.3 2 0
github.com/MauriceCalvert/WinMcpShim/installer/claude_config.go:53.2,54.9 2 1
github.com/MauriceCalvert/WinMcpShim/installer/claude_config.go:54.9,58.3 2 1
github.com/MauriceCalvert/WinMcpShim/installer/claude_config.go:60.2,61.8 2 1
github.com/MauriceCalvert/WinMcpShim/installer/claude_config.go:61.8,62.71 1 1
github.com/MauriceCalvert/WinMcpShim/installer/claude_config.go:62.71,64.4 1 1
github.com/MauriceCalvert/WinMcpShim/installer/claude_config.go:66.2,67.27 2 1
github.com/MauriceCalvert/WinMcpShim/installer/claude_config.go:72.81,74.9 2 1
github.com/MauriceCalvert/WinMcpShim/installer/claude_config.go:74.9,76.3 1 1
github.com/MauriceCalvert/WinMcpShim/installer/claude_config.go:77.2,78.9 2 1
github.com/MauriceCalvert/WinMcpShim/installer/claude_config.go:78.9,80.3 1 0
github.com/MauriceCalvert/WinMcpShim/installer/claude_config.go:81.2,81.44 1 1
github.com/MauriceCalvert/WinMcpShim/installer/claude_config.go:81.44,83.3 1 1
github.com/MauriceCalvert/WinMcpShim/installer/claude_config.go:84.2,86.26 2 1
github.com/MauriceCalvert/WinMcpShim/installer/claude_config.go:86.26,88.3 1 1
github.com/MauriceCalvert/WinMcpShim/installer/claude_config.go:89.2,89.18 1 1
github.com/MauriceCalvert/WinMcpShim/installer/claude_config.go:93.76,99.2 1 1
github.com/MauriceCalvert/WinMcpShim/installer/claude_config.go:102.64,104.16 2 1
github.com/MauriceCalvert/WinMcpShim/installer/claude_config.go:104.16,106.3 1 0
github.com/MauriceCalvert/WinMcpShim/installer/claude_config.go:107.2,108.18 2 1
github.com/MauriceCalvert/WinMcpShim/installer/claude_config.go:112.70,117.2 1 1
github.com/MauriceCalvert/WinMcpShim/installer/discover.go:17.28,20.2 2 0
github.com/MauriceCalvert/WinMcpShim/installer/discover.go:23.49,24.30 1 1
github.com/MauriceCalvert/WinMcpShim/installer/discover.go:24.30,31.3 1 1
github.com/MauriceCalvert/WinMcpShim/installer/discover.go:32.2,37.3 1 1
github.com/MauriceCalvert/WinMcpShim/installer/discover.go:41.47,51.26 3 1
github.com/MauriceCalvert/WinMcpShim/installer/discover.go:51.26,53.42 2 1
github.com/MauriceCalvert/WinMcpShim/installer/discover.go:53.42,60.4 1 1
github.com/MauriceCalvert/WinMcpShim/installer/discover.go:60.9,67.4 1 1
github.com/MauriceCalvert/WinMcpShim/installer/discover.go:69.2,69.16 1 1
github.com/MauriceCalvert/WinMcpShim/installer/discover.go:74.42,77.16 2 0
github.com/MauriceCalvert/WinMcpShim/installer/discover.go:77.16,80.64 3 0
github.com/MauriceCalvert/WinMcpShim/installer/discover.go:80.64,82.4 1 0
github.com/MauriceCalvert/WinMcpShim/installer/discover.go:85.2,86.16 2 0
github.com/MauriceCalvert/WinMcpShim/installer/discover.go:86.16,88.30 2 0
github.com/MauriceCalvert/WinMcpShim/installer/discover.go:88.30,91.52 3 0
github.com/MauriceCalvert/WinMcpShim/installer/discover.go:91.52,93.56 2 0
github.com/MauriceCalvert/WinMcpShim/installer/discover.go:93.56,95.6 1 0
github.com/MauriceCalvert/WinMcpShim/installer/discover.go:100.2,106.31 2 0
github.com/MauriceCalvert/WinMcpShim/installer/discover.go:106.31,107.48 1 0
github.com/MauriceCalvert/WinMcpShim/installer/discover.go:107.48,109.4 1 0
github.com/MauriceCalvert/WinMcpShim/installer/discover.go:111.2,111.93 1 0
github.com/MauriceCalvert/WinMcpShim/installer/discover.go:116.57,119.40 3 1
github.com/MauriceCalvert/WinMcpShim/installer/discover.go:119.40,120.65 1 1
github.com/MauriceCalvert/WinMcpShim/installer/discover.go:120.65,122.4 1 1
github.com/MauriceCalvert/WinMcpShim/installer/discover.go:122.9,124.4 1 1
github.com/MauriceCalvert/WinMcpShim/installer/discover.go:126.2,126.25 1 1
github.com/MauriceCalvert/WinMcpShim/installer/discover.go:130.53,132.26 2 1
github.com/MauriceCalvert/WinMcpShim/installer/discover.go:132.26,139.3 1 1
github.com/MauriceCalvert/WinMcpShim/installer/discover.go:140.2,145.3 1 1
github.com/MauriceCalvert/WinMcpShim/installer/discover.go:149.32,151.44 2 1
github.com/MauriceCalvert/WinMcpShim/installer/discover.go:151.44,158.3 1 0
github.com/MauriceCalvert/WinMcpShim/installer/discover.go:159.2,164.3 1 1
github.com/MauriceCalvert/WinMcpShim/installer/discover.go:168.34,171.2 2 1
github.com/MauriceCalvert/WinMcpShim/installer/process.go:15.40,17.2 1 1
github.com/MauriceCalvert/WinMcpShim/installer/process.go:20.38,22.2 1 1
github.com/MauriceCalvert/WinMcpShim/installer/process.go:25.74,27.16 2 1
github.com/MauriceCalvert/WinMcpShim/installer/process.go:27.16,29.3 1 0
github.com/MauriceCalvert/WinMcpShim/installer/process.go:30.2,34.16 5 1
github.com/MauriceCalvert/WinMcpShim/installer/process.go:34.16,36.3 1 0
github.com/MauriceCalvert/WinMcpShim/installer/process.go:37.2,38.6 2 1
github.com/MauriceCalvert/WinMcpShim/installer/process.go:38.6,40.18 2 1
github.com/MauriceCalvert/WinMcpShim/installer/process.go:40.18,42.4 1 1
github.com/MauriceCalvert/WinMcpShim/installer/process.go:43.3,44.17 2 1
github.com/MauriceCalvert/WinMcpShim/installer/process.go:44.17,45.9 1 1
github.com/MauriceCalvert/WinMcpShim/installer/process.go:48.2,48.21 1 1
github.com/MauriceCalvert/WinMcpShim/installer/process.go:52.51,54.2 1 1
github.com/MauriceCalvert/WinMcpShim/installer/process.go:57.49,59.2 1 0
github.com/MauriceCalvert/WinMcpShim/installer/process.go:63.41,64.27 1 0
github.com/MauriceCalvert/WinMcpShim/installer/process.go:64.27,66.17 2 0
github.com/MauriceCalvert/WinMcpShim/installer/process.go:66.17,68.4 1 0
github.com/MauriceCalvert/WinMcpShim/installer/process.go:69.3,71.17 3 0
github.com/MauriceCalvert/WinMcpShim/installer/process.go:71.17,73.4 1 0
github.com/MauriceCalvert/WinMcpShim/installer/process.go:75.2,75.12 1 0
github.com/MauriceCalvert/WinMcpShim/installer/process.go:80.80,82.34 2 0
github.com/MauriceCalvert/WinMcpShim/installer/process.go:82.34,84.28 2 0
github.com/MauriceCalvert/WinMcpShim/installer/process.go:84.28,86.18 2 0
github.com/MauriceCalvert/WinMcpShim/installer/process.go:86.18,87.13 1 0
github.com/MauriceCalvert/WinMcpShim/installer/process.go:89.4,92.18 4 0
github.com/MauriceCalvert/WinMcpShim/installer/process.go:92.18,93.13 1 0
github.com/MauriceCalvert/WinMcpShim/installer/process.go:95.4,95.23 1 0
github.com/MauriceCalvert/WinMcpShim/installer/process.go:95.23,97.5 1 0
github.com/MauriceCalvert/WinMcpShim/installer/process.go:99.3,99.22 1 0
github.com/MauriceCalvert/WinMcpShim/installer/process.go:99.22,101.4 1 0
github.com/MauriceCalvert/WinMcpShim/installer/process.go:102.3,103.37 2 0
github.com/MauriceCalvert/WinMcpShim/installer/process.go:105.2,105.18 1 0
github.com/MauriceCalvert/WinMcpShim/installer/rollback.go:16.63,18.2 1 1
github.com/MauriceCalvert/WinMcpShim/installer/rollback.go:23.40,25.43 2 1
github.com/MauriceCalvert/WinMcpShim/installer/rollback.go:25.43,28.17 3 1
github.com/MauriceCalvert/WinMcpShim/installer/rollback.go:28.17,30.4 1 1
github.com/MauriceCalvert/WinMcpShim/installer/rollback.go:30.9,32.4 1 1
github.com/MauriceCalvert/WinMcpShim/installer/rollback.go:34.2,34.12 1 1
github.com/MauriceCalvert/WinMcpShim/installer/rollback.go:38.43,39.15 1 1
github.com/MauriceCalvert/WinMcpShim/installer/rollback.go:39.15,40.31 1 1
github.com/MauriceCalvert/WinMcpShim/installer/rollback.go:40.31,42.4 1 0
github.com/MauriceCalvert/WinMcpShim/installer/rollback.go:44.2,44.13 1 1
github.com/MauriceCalvert/WinMcpShim/installer/toml.go:17.42,19.16 2 1
github.com/MauriceCalvert/WinMcpShim/installer/toml.go:19.16,21.3 1 1
github.com/MauriceCalvert/WinMcpShim/installer/toml.go:22.2,22.49 1 1
github.com/MauriceCalvert/WinMcpShim/installer/toml.go:22.49,24.3 1 1
github.com/MauriceCalvert/WinMcpShim/installer/toml.go:25.2,25.23 1 1
github.com/MauriceCalvert/WinMcpShim/installer/toml.go:30.70,31.42 1 1
github.com/MauriceCalvert/WinMcpShim/installer/toml.go:31.42,33.3 1 0
github.com/MauriceCalvert/WinMcpShim/installer/toml.go:34.2,36.20 3 1
github.com/MauriceCalvert/WinMcpShim/installer/toml.go:41.68,46.2 4 1
github.com/MauriceCalvert/WinMcpShim/installer/toml.go:49.41,52.16 3 1
github.com/MauriceCalvert/WinMcpShim/installer/toml.go:52.16,54.3 1 1
github.com/MauriceCalvert/WinMcpShim/installer/toml.go:55.2,55.12 1 1
github.com/MauriceCalvert/WinMcpShim/installer/toml.go:61.48,63.16 2 1
github.com/MauriceCalvert/WinMcpShim/installer/toml.go:63.16,65.3 1 0
github.com/MauriceCalvert/WinMcpShim/installer/toml.go:66.2,68.16 3 1
github.com/MauriceCalvert/WinMcpShim/installer/toml.go:68.16,70.3 1 0
github.com/MauriceCalvert/WinMcpShim/installer/toml.go:71.2,72.16 2 1
github.com/MauriceCalvert/WinMcpShim/installer/toml.go:72.16,74.3 1 1
github.com/MauriceCalvert/WinMcpShim/installer/toml.go:75.2,75.19 1 1
github.com/MauriceCalvert/WinMcpShim/installer/toml.go:75.19,77.3 1 1
github.com/MauriceCalvert/WinMcpShim/installer/toml.go:78.2,78.17 1 1
github.com/MauriceCalvert/WinMcpShim/installer/toml.go:83.57,87.26 4 1
github.com/MauriceCalvert/WinMcpShim/installer/toml.go:87.26,89.17 2 1
github.com/MauriceCalvert/WinMcpShim/installer/toml.go:89.17,91.12 2 1
github.com/MauriceCalvert/WinMcpShim/installer/toml.go:93.3,94.16 2 1
github.com/MauriceCalvert/WinMcpShim/installer/toml.go:94.16,95.12 1 1
github.com/MauriceCalvert/WinMcpShim/installer/toml.go:97.3,98.30 2 1
github.com/MauriceCalvert/WinMcpShim/installer/toml.go:100.2,100.24 1 1
github.com/MauriceCalvert/WinMcpShim/installer/toml.go:104.45,107.26 3 1
github.com/MauriceCalvert/WinMcpShim/installer/toml.go:107.26,109.3 1 1
github.com/MauriceCalvert/WinMcpShim/installer/toml.go:110.2,111.19 2 1
