mode: set
github.com/MauriceCalvert/WinMcpShim/shared/config.go:64.35,70.2 1 1
github.com/MauriceCalvert/WinMcpShim/shared/config.go:73.26,75.16 2 0
github.com/MauriceCalvert/WinMcpShim/shared/config.go:75.16,77.3 1 0
github.com/MauriceCalvert/WinMcpShim/shared/config.go:78.2,78.54 1 0
github.com/MauriceCalvert/WinMcpShim/shared/config.go:82.47,84.16 2 1
github.com/MauriceCalvert/WinMcpShim/shared/config.go:84.16,85.25 1 1
github.com/MauriceCalvert/WinMcpShim/shared/config.go:85.25,92.4 2 1
github.com/MauriceCalvert/WinMcpShim/shared/config.go:93.3,93.58 1 0
github.com/MauriceCalvert/WinMcpShim/shared/config.go:95.2,95.20 1 1
github.com/MauriceCalvert/WinMcpShim/shared/config.go:95.20,96.83 1 1
github.com/MauriceCalvert/WinMcpShim/shared/config.go:96.83,98.4 1 1
github.com/MauriceCalvert/WinMcpShim/shared/config.go:100.2,101.59 2 1
github.com/MauriceCalvert/WinMcpShim/shared/config.go:101.59,103.3 1 1
github.com/MauriceCalvert/WinMcpShim/shared/config.go:104.2,104.36 1 1
github.com/MauriceCalvert/WinMcpShim/shared/config.go:104.36,106.3 1 1
github.com/MauriceCalvert/WinMcpShim/shared/config.go:107.2,107.31 1 1
github.com/MauriceCalvert/WinMcpShim/shared/config.go:107.31,109.3 1 1
github.com/MauriceCalvert/WinMcpShim/shared/config.go:110.2,110.28 1 1
github.com/MauriceCalvert/WinMcpShim/shared/config.go:110.28,112.3 1 1
github.com/MauriceCalvert/WinMcpShim/shared/config.go:113.2,113.34 1 1
github.com/MauriceCalvert/WinMcpShim/shared/config.go:113.34,115.3 1 1
github.com/MauriceCalvert/WinMcpShim/shared/config.go:116.2,116.39 1 1
github.com/MauriceCalvert/WinMcpShim/shared/config.go:116.39,118.3 1 1
github.com/MauriceCalvert/WinMcpShim/shared/config.go:119.2,119.55 1 1
github.com/MauriceCalvert/WinMcpShim/shared/config.go:119.55,121.3 1 0
github.com/MauriceCalvert/WinMcpShim/shared/config.go:122.2,122.18 1 1
github.com/MauriceCalvert/WinMcpShim/shared/config.go:127.61,128.30 1 1
github.com/MauriceCalvert/WinMcpShim/shared/config.go:128.30,129.36 1 1
github.com/MauriceCalvert/WinMcpShim/shared/config.go:129.36,132.25 3 1
github.com/MauriceCalvert/WinMcpShim/shared/config.go:132.25,134.5 1 1
github.com/MauriceCalvert/WinMcpShim/shared/config.go:135.4,135.27 1 1
github.com/MauriceCalvert/WinMcpShim/shared/config.go:135.27,137.5 1 1
github.com/MauriceCalvert/WinMcpShim/shared/config.go:140.2,140.12 1 1
github.com/MauriceCalvert/WinMcpShim/shared/config.go:144.53,166.2 1 1
github.com/MauriceCalvert/WinMcpShim/shared/critical.go:9.43,14.2 1 1
github.com/MauriceCalvert/WinMcpShim/shared/critical.go:17.39,19.2 1 1
github.com/MauriceCalvert/WinMcpShim/shared/fileinfo_windows.go:12.48,14.16 2 0
github.com/MauriceCalvert/WinMcpShim/shared/fileinfo_windows.go:14.16,16.3 1 0
github.com/MauriceCalvert/WinMcpShim/shared/fileinfo_windows.go:17.2,17.59 1 0
github.com/MauriceCalvert/WinMcpShim/shared/fileinfo_windows.go:17.59,20.3 2 0
github.com/MauriceCalvert/WinMcpShim/shared/fileinfo_windows.go:21.2,21.44 1 0
github.com/MauriceCalvert/WinMcpShim/shared/helpers.go:17.33,18.24 1 1
github.com/MauriceCalvert/WinMcpShim/shared/helpers.go:18.24,20.3 1 1
github.com/MauriceCalvert/WinMcpShim/shared/helpers.go:21.2,21.53 1 1
github.com/MauriceCalvert/WinMcpShim/shared/helpers.go:25.79,27.9 2 1
github.com/MauriceCalvert/WinMcpShim/shared/helpers.go:27.9,29.3 1 1
github.com/MauriceCalvert/WinMcpShim/shared/helpers.go:30.2,31.9 2 1
github.com/MauriceCalvert/WinMcpShim/shared/helpers.go:31.9,33.3 1 1
github.com/MauriceCalvert/WinMcpShim/shared/helpers.go:34.2,34.15 1 0
github.com/MauriceCalvert/WinMcpShim/shared/helpers.go:38.75,40.9 2 1
github.com/MauriceCalvert/WinMcpShim/shared/helpers.go:40.9,42.3 1 1
github.com/MauriceCalvert/WinMcpShim/shared/helpers.go:43.2,44.14 2 1
github.com/MauriceCalvert/WinMcpShim/shared/helpers.go:48.73,50.9 2 1
github.com/MauriceCalvert/WinMcpShim/shared/helpers.go:50.9,52.3 1 1
github.com/MauriceCalvert/WinMcpShim/shared/helpers.go:53.2,53.23 1 1
github.com/MauriceCalvert/WinMcpShim/shared/helpers.go:54.15,55.22 1 1
github.com/MauriceCalvert/WinMcpShim/shared/helpers.go:56.11,57.17 1 1
github.com/MauriceCalvert/WinMcpShim/shared/helpers.go:59.2,59.17 1 1
github.com/MauriceCalvert/WinMcpShim/shared/helpers.go:63.79,65.9 2 1
github.com/MauriceCalvert/WinMcpShim/shared/helpers.go:65.9,67.3 1 1
github.com/MauriceCalvert/WinMcpShim/shared/helpers.go:68.2,69.14 2 1
github.com/MauriceCalvert/WinMcpShim/shared/helpers.go:73.50,75.47 2 1
github.com/MauriceCalvert/WinMcpShim/shared/helpers.go:75.47,77.3 1 0
github.com/MauriceCalvert/WinMcpShim/shared/helpers.go:78.2,79.16 2 1
github.com/MauriceCalvert/WinMcpShim/shared/helpers.go:79.16,81.3 1 0
github.com/MauriceCalvert/WinMcpShim/shared/helpers.go:82.2,83.15 2 1
github.com/MauriceCalvert/WinMcpShim/shared/helpers.go:83.15,84.20 1 1
github.com/MauriceCalvert/WinMcpShim/shared/helpers.go:84.20,86.4 1 0
github.com/MauriceCalvert/WinMcpShim/shared/helpers.go:88.2,88.43 1 1
github.com/MauriceCalvert/WinMcpShim/shared/helpers.go:88.43,91.3 2 0
github.com/MauriceCalvert/WinMcpShim/shared/helpers.go:92.2,92.36 1 1
github.com/MauriceCalvert/WinMcpShim/shared/helpers.go:92.36,94.3 1 0
github.com/MauriceCalvert/WinMcpShim/shared/helpers.go:95.2,95.49 1 1
github.com/MauriceCalvert/WinMcpShim/shared/helpers.go:95.49,97.3 1 0
github.com/MauriceCalvert/WinMcpShim/shared/helpers.go:98.2,99.12 2 1
github.com/MauriceCalvert/WinMcpShim/shared/helpers.go:116.62,117.22 1 1
github.com/MauriceCalvert/WinMcpShim/shared/helpers.go:117.22,118.45 1 1
github.com/MauriceCalvert/WinMcpShim/shared/helpers.go:118.45,120.4 1 1
github.com/MauriceCalvert/WinMcpShim/shared/helpers.go:121.3,121.45 1 1
github.com/MauriceCalvert/WinMcpShim/shared/helpers.go:121.45,123.4 1 1
github.com/MauriceCalvert/WinMcpShim/shared/helpers.go:125.2,126.27 2 1
github.com/MauriceCalvert/WinMcpShim/shared/helpers.go:126.27,128.3 1 1
github.com/MauriceCalvert/WinMcpShim/shared/helpers.go:129.2,129.45 1 1
github.com/MauriceCalvert/WinMcpShim/shared/helpers.go:129.45,131.3 1 1
github.com/MauriceCalvert/WinMcpShim/shared/helpers.go:132.2,132.18 1 1
github.com/MauriceCalvert/WinMcpShim/shared/helpers.go:138.65,139.38 1 1
github.com/MauriceCalvert/WinMcpShim/shared/helpers.go:139.38,141.3 1 1
github.com/MauriceCalvert/WinMcpShim/shared/helpers.go:142.2,142.19 1 1
github.com/MauriceCalvert/WinMcpShim/shared/helpers.go:142.19,144.3 1 1
github.com/MauriceCalvert/WinMcpShim/shared/helpers.go:146.2,147.22 2 1
github.com/MauriceCalvert/WinMcpShim/shared/helpers.go:147.22,149.3 1 1
github.com/MauriceCalvert/WinMcpShim/shared/helpers.go:150.2,153.20 4 1
github.com/MauriceCalvert/WinMcpShim/shared/helpers.go:153.20,155.3 1 1
github.com/MauriceCalvert/WinMcpShim/shared/helpers.go:155.8,157.3 1 1
github.com/MauriceCalvert/WinMcpShim/shared/helpers.go:158.2,158.33 1 1
github.com/MauriceCalvert/WinMcpShim/shared/helpers.go:158.33,160.3 1 1
github.com/MauriceCalvert/WinMcpShim/shared/helpers.go:161.2,164.26 4 1
github.com/MauriceCalvert/WinMcpShim/shared/helpers.go:164.26,166.3 1 1
github.com/MauriceCalvert/WinMcpShim/shared/helpers.go:167.2,167.25 1 1
github.com/MauriceCalvert/WinMcpShim/shared/helpers.go:171.39,172.20 1 1
github.com/MauriceCalvert/WinMcpShim/shared/helpers.go:172.20,173.83 1 1
github.com/MauriceCalvert/WinMcpShim/shared/helpers.go:173.83,175.4 1 1
github.com/MauriceCalvert/WinMcpShim/shared/helpers.go:177.2,178.25 2 1
github.com/MauriceCalvert/WinMcpShim/shared/helpers.go:178.25,180.3 1 1
github.com/MauriceCalvert/WinMcpShim/shared/helpers.go:181.2,181.43 1 1
github.com/MauriceCalvert/WinMcpShim/shared/helpers.go:181.43,183.3 1 1
github.com/MauriceCalvert/WinMcpShim/shared/helpers.go:184.2,184.12 1 1
github.com/MauriceCalvert/WinMcpShim/shared/helpers.go:188.42,190.33 2 1
github.com/MauriceCalvert/WinMcpShim/shared/helpers.go:190.33,191.55 1 1
github.com/MauriceCalvert/WinMcpShim/shared/helpers.go:191.55,193.4 1 1
github.com/MauriceCalvert/WinMcpShim/shared/helpers.go:193.9,195.4 1 1
github.com/MauriceCalvert/WinMcpShim/shared/helpers.go:197.2,197.15 1 1
github.com/MauriceCalvert/WinMcpShim/shared/helpers.go:201.55,202.53 1 1
github.com/MauriceCalvert/WinMcpShim/shared/helpers.go:202.53,203.18 1 1
github.com/MauriceCalvert/WinMcpShim/shared/helpers.go:203.18,205.4 1 0
github.com/MauriceCalvert/WinMcpShim/shared/helpers.go:206.3,207.17 2 1
github.com/MauriceCalvert/WinMcpShim/shared/helpers.go:207.17,209.4 1 1
github.com/MauriceCalvert/WinMcpShim/shared/helpers.go:210.3,210.22 1 1
github.com/MauriceCalvert/WinMcpShim/shared/helpers.go:210.22,212.4 1 1
github.com/MauriceCalvert/WinMcpShim/shared/helpers.go:213.3,213.31 1 0
github.com/MauriceCalvert/WinMcpShim/shared/helpers.go:213.31,215.4 1 0
github.com/MauriceCalvert/WinMcpShim/shared/helpers.go:217.2,217.61 1 0
github.com/MauriceCalvert/WinMcpShim/shared/helpers.go:221.53,222.53 1 1
github.com/MauriceCalvert/WinMcpShim/shared/helpers.go:222.53,223.18 1 1
github.com/MauriceCalvert/WinMcpShim/shared/helpers.go:223.18,225.4 1 0
github.com/MauriceCalvert/WinMcpShim/shared/helpers.go:226.3,227.17 2 1
github.com/MauriceCalvert/WinMcpShim/shared/helpers.go:227.17,229.4 1 1
github.com/MauriceCalvert/WinMcpShim/shared/helpers.go:230.3,230.22 1 1
github.com/MauriceCalvert/WinMcpShim/shared/helpers.go:230.22,232.4 1 1
github.com/MauriceCalvert/WinMcpShim/shared/helpers.go:233.3,233.31 1 0
github.com/MauriceCalvert/WinMcpShim/shared/helpers.go:233.31,235.4 1 0
github.com/MauriceCalvert/WinMcpShim/shared/helpers.go:237.2,237.61 1 0
github.com/MauriceCalvert/WinMcpShim/shared/helpers.go:241.54,242.53 1 1
github.com/MauriceCalvert/WinMcpShim/shared/helpers.go:242.53,243.18 1 1
github.com/MauriceCalvert/WinMcpShim/shared/helpers.go:243.18,245.4 1 0
github.com/MauriceCalvert/WinMcpShim/shared/helpers.go:246.3,247.17 2 1
github.com/MauriceCalvert/WinMcpShim/shared/helpers.go:247.17,249.4 1 1
github.com/MauriceCalvert/WinMcpShim/shared/helpers.go:250.3,250.22 1 1
github.com/MauriceCalvert/WinMcpShim/shared/helpers.go:250.22,252.4 1 1
github.com/MauriceCalvert/WinMcpShim/shared/helpers.go:253.3,253.31 1 0
github.com/MauriceCalvert/WinMcpShim/shared/helpers.go:253.31,255.4 1 0
github.com/MauriceCalvert/WinMcpShim/shared/helpers.go:257.2,257.61 1 0
github.com/MauriceCalvert/WinMcpShim/shared/helpers.go:261.48,263.16 2 1
github.com/MauriceCalvert/WinMcpShim/shared/helpers.go:263.16,265.3 1 1
github.com/MauriceCalvert/WinMcpShim/shared/helpers.go:266.2,269.16 4 1
github.com/MauriceCalvert/WinMcpShim/shared/helpers.go:269.16,271.3 1 0
github.com/MauriceCalvert/WinMcpShim/shared/helpers.go:272.2,273.15 2 1
github.com/MauriceCalvert/WinMcpShim/shared/helpers.go:273.15,274.20 1 1
github.com/MauriceCalvert/WinMcpShim/shared/helpers.go:274.20,276.4 1 0
github.com/MauriceCalvert/WinMcpShim/shared/helpers.go:278.2,278.44 1 1
github.com/MauriceCalvert/WinMcpShim/shared/helpers.go:278.44,281.3 2 0
github.com/MauriceCalvert/WinMcpShim/shared/helpers.go:282.2,282.36 1 1
github.com/MauriceCalvert/WinMcpShim/shared/helpers.go:282.36,284.3 1 0
github.com/MauriceCalvert/WinMcpShim/shared/helpers.go:285.2,285.48 1 1
github.com/MauriceCalvert/WinMcpShim/shared/helpers.go:285.48,287.3 1 0
github.com/MauriceCalvert/WinMcpShim/shared/helpers.go:288.2,289.54 2 1
github.com/MauriceCalvert/WinMcpShim/shared/helpers.go:293.47,294.47 1 1
github.com/MauriceCalvert/WinMcpShim/shared/helpers.go:294.47,296.3 1 0
github.com/MauriceCalvert/WinMcpShim/shared/helpers.go:297.2,298.78 2 1
github.com/MauriceCalvert/WinMcpShim/shared/helpers.go:298.78,299.17 1 1
github.com/MauriceCalvert/WinMcpShim/shared/helpers.go:299.17,301.4 1 0
github.com/MauriceCalvert/WinMcpShim/shared/helpers.go:302.3,304.16 3 1
github.com/MauriceCalvert/WinMcpShim/shared/helpers.go:304.16,306.4 1 1
github.com/MauriceCalvert/WinMcpShim/shared/helpers.go:307.3,308.21 2 1
github.com/MauriceCalvert/WinMcpShim/shared/helpers.go:308.21,310.4 1 0
github.com/MauriceCalvert/WinMcpShim/shared/helpers.go:311.3,312.13 2 1
github.com/MauriceCalvert/WinMcpShim/shared/helpers.go:314.2,314.16 1 1
github.com/MauriceCalvert/WinMcpShim/shared/helpers.go:314.16,316.3 1 0
github.com/MauriceCalvert/WinMcpShim/shared/helpers.go:317.2,317.75 1 1
github.com/MauriceCalvert/WinMcpShim/shared/jsonrpc.go:66.64,73.2 3 1
github.com/MauriceCalvert/WinMcpShim/shared/jsonrpc.go:76.85,82.2 1 1
github.com/MauriceCalvert/WinMcpShim/shared/jsonrpc.go:85.80,91.2 1 1
github.com/MauriceCalvert/WinMcpShim/shared/jsonrpc.go:94.40,96.56 2 1
github.com/MauriceCalvert/WinMcpShim/shared/jsonrpc.go:96.56,97.62 1 1
github.com/MauriceCalvert/WinMcpShim/shared/jsonrpc.go:99.2,100.16 2 1
github.com/MauriceCalvert/WinMcpShim/shared/process_windows.go:19.39,23.2 1 0
github.com/MauriceCalvert/WinMcpShim/shared/process_windows.go:26.48,28.16 2 0
github.com/MauriceCalvert/WinMcpShim/shared/process_windows.go:28.16,30.3 1 0
github.com/MauriceCalvert/WinMcpShim/shared/process_windows.go:31.2,42.16 3 0
github.com/MauriceCalvert/WinMcpShim/shared/process_windows.go:42.16,45.3 2 0
github.com/MauriceCalvert/WinMcpShim/shared/process_windows.go:46.2,46.17 1 0
github.com/MauriceCalvert/WinMcpShim/shared/process_windows.go:50.71,52.16 2 0
github.com/MauriceCalvert/WinMcpShim/shared/process_windows.go:52.16,54.3 1 0
github.com/MauriceCalvert/WinMcpShim/shared/process_windows.go:55.2,56.50 2 0
github.com/MauriceCalvert/WinMcpShim/shared/process_windows.go:60.41,61.14 1 0
github.com/MauriceCalvert/WinMcpShim/shared/process_windows.go:61.14,63.3 1 0
github.com/MauriceCalvert/WinMcpShim/shared/security.go:17.43,19.2 1 1
github.com/MauriceCalvert/WinMcpShim/shared/security.go:23.69,24.28 1 1
github.com/MauriceCalvert/WinMcpShim/shared/security.go:24.28,26.3 1 1
github.com/MauriceCalvert/WinMcpShim/shared/security.go:27.2,27.57 1 1
github.com/MauriceCalvert/WinMcpShim/shared/security.go:33.73,34.65 1 1
github.com/MauriceCalvert/WinMcpShim/shared/security.go:34.65,36.3 1 0
github.com/MauriceCalvert/WinMcpShim/shared/security.go:37.2,37.63 1 1
github.com/MauriceCalvert/WinMcpShim/shared/security.go:37.63,42.3 1 0
github.com/MauriceCalvert/WinMcpShim/shared/security.go:43.2,43.12 1 1
github.com/MauriceCalvert/WinMcpShim/shared/security.go:47.77,49.16 2 1
github.com/MauriceCalvert/WinMcpShim/shared/security.go:49.16,51.3 1 0
github.com/MauriceCalvert/WinMcpShim/shared/security.go:52.2,54.36 3 1
github.com/MauriceCalvert/WinMcpShim/shared/security.go:54.36,56.17 2 1
github.com/MauriceCalvert/WinMcpShim/shared/security.go:56.17,57.12 1 0
github.com/MauriceCalvert/WinMcpShim/shared/security.go:59.3,61.64 3 1
github.com/MauriceCalvert/WinMcpShim/shared/security.go:61.64,63.4 1 1
github.com/MauriceCalvert/WinMcpShim/shared/security.go:64.3,64.130 1 1
github.com/MauriceCalvert/WinMcpShim/shared/security.go:64.130,66.4 1 1
github.com/MauriceCalvert/WinMcpShim/shared/security.go:68.2,69.42 1 1
github.com/MauriceCalvert/WinMcpShim/shared/security.go:73.75,74.28 1 1
github.com/MauriceCalvert/WinMcpShim/shared/security.go:74.28,76.3 1 1
github.com/MauriceCalvert/WinMcpShim/shared/security.go:77.2,77.29 1 1
github.com/MauriceCalvert/WinMcpShim/shared/security.go:77.29,78.69 1 1
github.com/MauriceCalvert/WinMcpShim/shared/security.go:78.69,80.4 1 1
github.com/MauriceCalvert/WinMcpShim/shared/security.go:81.3,81.54 1 1
github.com/MauriceCalvert/WinMcpShim/shared/security.go:83.2,83.50 1 1
github.com/MauriceCalvert/WinMcpShim/shared/security.go:83.50,85.3 1 1
github.com/MauriceCalvert/WinMcpShim/shared/security.go:86.2,87.45 1 1
github.com/MauriceCalvert/WinMcpShim/shared/security_windows.go:15.67,16.28 1 1
github.com/MauriceCalvert/WinMcpShim/shared/security_windows.go:16.28,18.3 1 0
github.com/MauriceCalvert/WinMcpShim/shared/security_windows.go:19.2,20.16 2 1
github.com/MauriceCalvert/WinMcpShim/shared/security_windows.go:20.16,21.22 1 1
github.com/MauriceCalvert/WinMcpShim/shared/security_windows.go:21.22,23.4 1 1
github.com/MauriceCalvert/WinMcpShim/shared/security_windows.go:24.3,24.13 1 0
github.com/MauriceCalvert/WinMcpShim/shared/security_windows.go:26.2,31.16 5 0
github.com/MauriceCalvert/WinMcpShim/shared/security_windows.go:31.16,33.3 1 0
github.com/MauriceCalvert/WinMcpShim/shared/security_windows.go:34.2,36.61 3 0
github.com/MauriceCalvert/WinMcpShim/shared/security_windows.go:41.70,43.2 1 1
github.com/MauriceCalvert/WinMcpShim/shared/sharing_windows.go:11.41,13.28 2 0
github.com/MauriceCalvert/WinMcpShim/shared/sharing_windows.go:13.28,15.3 1 0
github.com/MauriceCalvert/WinMcpShim/shared/sharing_windows.go:16.2,16.14 1 0
