mode: set
github.com/MauriceCalvert/WinMcpShim/shim/lock_test_windows.go:21.48,32.13 5 1
github.com/MauriceCalvert/WinMcpShim/shim/lock_test_windows.go:32.13,34.3 1 0
github.com/MauriceCalvert/WinMcpShim/shim/logging.go:22.62,24.13 2 0
github.com/MauriceCalvert/WinMcpShim/shim/logging.go:24.13,26.3 1 0
github.com/MauriceCalvert/WinMcpShim/shim/logging.go:27.2,27.18 1 0
github.com/MauriceCalvert/WinMcpShim/shim/logging.go:27.18,29.34 2 0
github.com/MauriceCalvert/WinMcpShim/shim/logging.go:29.34,31.4 1 0
github.com/MauriceCalvert/WinMcpShim/shim/logging.go:32.3,35.17 4 0
github.com/MauriceCalvert/WinMcpShim/shim/logging.go:35.17,37.4 1 0
github.com/MauriceCalvert/WinMcpShim/shim/logging.go:38.3,40.38 3 0
github.com/MauriceCalvert/WinMcpShim/shim/logging.go:42.2,42.15 1 0
github.com/MauriceCalvert/WinMcpShim/shim/logging.go:46.26,49.17 3 0
github.com/MauriceCalvert/WinMcpShim/shim/logging.go:49.17,51.3 1 0
github.com/MauriceCalvert/WinMcpShim/shim/logging.go:52.2,52.19 1 0
github.com/MauriceCalvert/WinMcpShim/shim/logging.go:52.19,54.3 1 0
github.com/MauriceCalvert/WinMcpShim/shim/logging.go:58.33,60.2 1 0
github.com/MauriceCalvert/WinMcpShim/shim/logging.go:63.39,64.18 1 0
github.com/MauriceCalvert/WinMcpShim/shim/logging.go:64.18,66.3 1 0
github.com/MauriceCalvert/WinMcpShim/shim/logging.go:67.2,70.30 4 0
github.com/MauriceCalvert/WinMcpShim/shim/logging.go:70.30,72.3 1 0
github.com/MauriceCalvert/WinMcpShim/shim/logging.go:73.2,73.17 1 0
github.com/MauriceCalvert/WinMcpShim/shim/logging.go:73.17,75.3 1 0
github.com/MauriceCalvert/WinMcpShim/shim/main.go:21.13,23.2 1 0
github.com/MauriceCalvert/WinMcpShim/shim/main.go:25.21,28.16 3 0
github.com/MauriceCalvert/WinMcpShim/shim/main.go:28.16,31.3 2 0
github.com/MauriceCalvert/WinMcpShim/shim/main.go:32.2,32.10 1 0
github.com/MauriceCalvert/WinMcpShim/shim/main.go:32.10,35.3 2 0
github.com/MauriceCalvert/WinMcpShim/shim/main.go:36.2,37.16 2 0
github.com/MauriceCalvert/WinMcpShim/shim/main.go:37.16,40.3 2 0
github.com/MauriceCalvert/WinMcpShim/shim/main.go:41.2,44.16 4 0
github.com/MauriceCalvert/WinMcpShim/shim/main.go:44.16,47.3 2 0
github.com/MauriceCalvert/WinMcpShim/shim/main.go:48.2,55.21 7 0
github.com/MauriceCalvert/WinMcpShim/shim/main.go:55.21,56.31 1 0
github.com/MauriceCalvert/WinMcpShim/shim/main.go:56.31,57.9 1 0
github.com/MauriceCalvert/WinMcpShim/shim/main.go:59.3,60.21 2 0
github.com/MauriceCalvert/WinMcpShim/shim/main.go:60.21,61.12 1 0
github.com/MauriceCalvert/WinMcpShim/shim/main.go:63.3,65.52 3 0
github.com/MauriceCalvert/WinMcpShim/shim/main.go:65.52,67.45 2 0
github.com/MauriceCalvert/WinMcpShim/shim/main.go:67.45,68.10 1 0
github.com/MauriceCalvert/WinMcpShim/shim/main.go:70.4,70.12 1 0
github.com/MauriceCalvert/WinMcpShim/shim/main.go:72.3,72.21 1 0
github.com/MauriceCalvert/WinMcpShim/shim/main.go:73.21,74.33 1 0
github.com/MauriceCalvert/WinMcpShim/shim/main.go:75.51,77.24 2 0
github.com/MauriceCalvert/WinMcpShim/shim/main.go:77.24,78.39 1 0
github.com/MauriceCalvert/WinMcpShim/shim/main.go:78.39,80.6 1 0
github.com/MauriceCalvert/WinMcpShim/shim/main.go:81.5,81.27 1 0
github.com/MauriceCalvert/WinMcpShim/shim/main.go:83.21,84.41 1 0
github.com/MauriceCalvert/WinMcpShim/shim/main.go:85.21,86.55 1 0
github.com/MauriceCalvert/WinMcpShim/shim/main.go:87.11,88.24 1 0
github.com/MauriceCalvert/WinMcpShim/shim/main.go:88.24,90.5 1 0
github.com/MauriceCalvert/WinMcpShim/shim/main.go:90.10,92.46 2 0
github.com/MauriceCalvert/WinMcpShim/shim/main.go:92.46,93.11 1 0
github.com/MauriceCalvert/WinMcpShim/shim/main.go:98.2,98.38 1 0
github.com/MauriceCalvert/WinMcpShim/shim/main.go:98.38,100.3 1 0
github.com/MauriceCalvert/WinMcpShim/shim/main.go:101.2,102.10 2 0
github.com/MauriceCalvert/WinMcpShim/shim/main.go:106.58,110.23 2 0
github.com/MauriceCalvert/WinMcpShim/shim/main.go:110.23,112.3 1 0
github.com/MauriceCalvert/WinMcpShim/shim/main.go:113.2,113.34 1 0
github.com/MauriceCalvert/WinMcpShim/shim/main.go:113.34,115.3 1 0
github.com/MauriceCalvert/WinMcpShim/shim/main.go:116.2,116.31 1 0
github.com/MauriceCalvert/WinMcpShim/shim/main.go:120.64,135.2 5 0
github.com/MauriceCalvert/WinMcpShim/shim/main.go:138.122,139.15 1 0
github.com/MauriceCalvert/WinMcpShim/shim/main.go:139.15,140.31 1 0
github.com/MauriceCalvert/WinMcpShim/shim/main.go:140.31,146.4 5 0
github.com/MauriceCalvert/WinMcpShim/shim/main.go:148.2,152.64 2 0
github.com/MauriceCalvert/WinMcpShim/shim/main.go:152.64,155.3 2 0
github.com/MauriceCalvert/WinMcpShim/shim/main.go:156.2,161.25 6 0
github.com/MauriceCalvert/WinMcpShim/shim/main.go:162.13,163.59 1 0
github.com/MauriceCalvert/WinMcpShim/shim/main.go:164.14,165.60 1 0
github.com/MauriceCalvert/WinMcpShim/shim/main.go:166.16,167.62 1 0
github.com/MauriceCalvert/WinMcpShim/shim/main.go:168.14,169.60 1 0
github.com/MauriceCalvert/WinMcpShim/shim/main.go:170.14,171.60 1 0
github.com/MauriceCalvert/WinMcpShim/shim/main.go:172.14,173.60 1 0
github.com/MauriceCalvert/WinMcpShim/shim/main.go:174.14,175.60 1 0
github.com/MauriceCalvert/WinMcpShim/shim/main.go:176.14,177.60 1 0
github.com/MauriceCalvert/WinMcpShim/shim/main.go:178.15,179.61 1 0
github.com/MauriceCalvert/WinMcpShim/shim/main.go:180.14,181.60 1 0
github.com/MauriceCalvert/WinMcpShim/shim/main.go:182.14,183.60 1 0
github.com/MauriceCalvert/WinMcpShim/shim/main.go:184.15,185.37 1 0
github.com/MauriceCalvert/WinMcpShim/shim/main.go:186.16,187.62 1 0
github.com/MauriceCalvert/WinMcpShim/shim/main.go:188.14,189.60 1 0
github.com/MauriceCalvert/WinMcpShim/shim/main.go:190.14,191.60 1 0
github.com/MauriceCalvert/WinMcpShim/shim/main.go:192.12,193.58 1 0
github.com/MauriceCalvert/WinMcpShim/shim/main.go:194.15,195.61 1 0
github.com/MauriceCalvert/WinMcpShim/shim/main.go:196.14,197.31 1 0
github.com/MauriceCalvert/WinMcpShim/shim/main.go:197.31,199.4 1 0
github.com/MauriceCalvert/WinMcpShim/shim/main.go:199.9,199.50 1 0
github.com/MauriceCalvert/WinMcpShim/shim/main.go:199.50,202.4 2 0
github.com/MauriceCalvert/WinMcpShim/shim/main.go:202.9,204.4 1 0
github.com/MauriceCalvert/WinMcpShim/shim/main.go:205.13,207.80 2 0
github.com/MauriceCalvert/WinMcpShim/shim/main.go:208.10,209.52 1 0
github.com/MauriceCalvert/WinMcpShim/shim/main.go:209.52,212.4 2 0
github.com/MauriceCalvert/WinMcpShim/shim/main.go:212.9,215.4 2 0
github.com/MauriceCalvert/WinMcpShim/shim/main.go:217.2,217.20 1 0
github.com/MauriceCalvert/WinMcpShim/shim/main.go:217.20,220.47 3 0
github.com/MauriceCalvert/WinMcpShim/shim/main.go:220.47,223.4 2 0
github.com/MauriceCalvert/WinMcpShim/shim/main.go:224.3,225.46 2 0
github.com/MauriceCalvert/WinMcpShim/shim/main.go:227.2,228.45 2 0
github.com/MauriceCalvert/WinMcpShim/shim/main.go:232.92,239.2 4 0
github.com/MauriceCalvert/WinMcpShim/shim/main.go:242.60,244.33 2 0
github.com/MauriceCalvert/WinMcpShim/shim/main.go:244.33,245.18 1 0
github.com/MauriceCalvert/WinMcpShim/shim/main.go:246.20,247.18 1 0
github.com/MauriceCalvert/WinMcpShim/shim/main.go:248.16,249.23 1 0
github.com/MauriceCalvert/WinMcpShim/shim/main.go:249.23,252.5 2 0
github.com/MauriceCalvert/WinMcpShim/shim/main.go:253.17,254.15 1 0
github.com/MauriceCalvert/WinMcpShim/shim/main.go:257.2,257.8 1 0
github.com/MauriceCalvert/WinMcpShim/shim/main.go:261.34,262.41 1 0
github.com/MauriceCalvert/WinMcpShim/shim/main.go:262.41,264.17 2 0
github.com/MauriceCalvert/WinMcpShim/shim/main.go:264.17,266.12 2 0
github.com/MauriceCalvert/WinMcpShim/shim/main.go:268.3,268.33 1 0
github.com/MauriceCalvert/WinMcpShim/shim/main.go:268.33,269.21 1 0
github.com/MauriceCalvert/WinMcpShim/shim/main.go:269.21,270.13 1 0
github.com/MauriceCalvert/WinMcpShim/shim/main.go:272.4,272.44 1 0
github.com/MauriceCalvert/WinMcpShim/shim/main.go:272.44,274.5 1 0
github.com/MauriceCalvert/WinMcpShim/shim/main.go:280.71,294.2 5 0
github.com/MauriceCalvert/WinMcpShim/shim/main.go:298.72,312.2 5 0
github.com/MauriceCalvert/WinMcpShim/shim/main.go:315.69,318.41 3 0
github.com/MauriceCalvert/WinMcpShim/shim/main.go:318.41,322.3 3 0
github.com/MauriceCalvert/WinMcpShim/shim/main.go:323.2,323.49 1 0
github.com/MauriceCalvert/WinMcpShim/shim/main.go:323.49,327.3 3 0
github.com/MauriceCalvert/WinMcpShim/shim/main.go:328.2,328.13 1 0
