mode: set
github.com/MauriceCalvert/WinMcpShim/tools/builtin.go:20.81,22.16 2 1
github.com/MauriceCalvert/WinMcpShim/tools/builtin.go:22.16,24.3 1 1
github.com/MauriceCalvert/WinMcpShim/tools/builtin.go:25.2,25.76 1 1
github.com/MauriceCalvert/WinMcpShim/tools/builtin.go:25.76,27.3 1 1
github.com/MauriceCalvert/WinMcpShim/tools/builtin.go:28.2,29.16 2 1
github.com/MauriceCalvert/WinMcpShim/tools/builtin.go:29.16,31.3 1 1
github.com/MauriceCalvert/WinMcpShim/tools/builtin.go:32.2,36.48 5 1
github.com/MauriceCalvert/WinMcpShim/tools/builtin.go:36.48,38.3 1 1
github.com/MauriceCalvert/WinMcpShim/tools/builtin.go:39.2,40.16 2 1
github.com/MauriceCalvert/WinMcpShim/tools/builtin.go:40.16,42.3 1 0
github.com/MauriceCalvert/WinMcpShim/tools/builtin.go:43.2,45.34 3 1
github.com/MauriceCalvert/WinMcpShim/tools/builtin.go:45.34,47.3 1 1
github.com/MauriceCalvert/WinMcpShim/tools/builtin.go:48.2,49.20 2 1
github.com/MauriceCalvert/WinMcpShim/tools/builtin.go:49.20,52.42 3 1
github.com/MauriceCalvert/WinMcpShim/tools/builtin.go:52.42,54.4 1 0
github.com/MauriceCalvert/WinMcpShim/tools/builtin.go:56.2,57.19 2 1
github.com/MauriceCalvert/WinMcpShim/tools/builtin.go:57.19,59.3 1 1
github.com/MauriceCalvert/WinMcpShim/tools/builtin.go:60.2,60.52 1 1
github.com/MauriceCalvert/WinMcpShim/tools/builtin.go:60.52,62.3 1 1
github.com/MauriceCalvert/WinMcpShim/tools/builtin.go:63.2,64.85 2 1
github.com/MauriceCalvert/WinMcpShim/tools/builtin.go:64.85,66.3 1 1
github.com/MauriceCalvert/WinMcpShim/tools/builtin.go:67.2,67.14 1 1
github.com/MauriceCalvert/WinMcpShim/tools/builtin.go:67.14,69.3 1 1
github.com/MauriceCalvert/WinMcpShim/tools/builtin.go:70.2,72.41 3 1
github.com/MauriceCalvert/WinMcpShim/tools/builtin.go:72.41,74.3 1 0
github.com/MauriceCalvert/WinMcpShim/tools/builtin.go:75.2,75.30 1 1
github.com/MauriceCalvert/WinMcpShim/tools/builtin.go:79.111,82.54 3 1
github.com/MauriceCalvert/WinMcpShim/tools/builtin.go:82.54,84.3 1 1
github.com/MauriceCalvert/WinMcpShim/tools/builtin.go:85.2,85.19 1 1
github.com/MauriceCalvert/WinMcpShim/tools/builtin.go:85.19,87.3 1 0
github.com/MauriceCalvert/WinMcpShim/tools/builtin.go:88.2,90.41 3 1
github.com/MauriceCalvert/WinMcpShim/tools/builtin.go:90.41,92.3 1 0
github.com/MauriceCalvert/WinMcpShim/tools/builtin.go:93.2,93.29 1 1
github.com/MauriceCalvert/WinMcpShim/tools/builtin.go:97.151,98.14 1 1
github.com/MauriceCalvert/WinMcpShim/tools/builtin.go:98.14,99.20 1 1
github.com/MauriceCalvert/WinMcpShim/tools/builtin.go:99.20,101.4 1 1
github.com/MauriceCalvert/WinMcpShim/tools/builtin.go:102.3,104.55 3 1
github.com/MauriceCalvert/WinMcpShim/tools/builtin.go:104.55,106.4 1 1
github.com/MauriceCalvert/WinMcpShim/tools/builtin.go:107.3,107.20 1 1
github.com/MauriceCalvert/WinMcpShim/tools/builtin.go:107.20,109.4 1 0
github.com/MauriceCalvert/WinMcpShim/tools/builtin.go:110.3,110.22 1 1
github.com/MauriceCalvert/WinMcpShim/tools/builtin.go:110.22,112.4 1 0
github.com/MauriceCalvert/WinMcpShim/tools/builtin.go:113.3,115.42 3 1
github.com/MauriceCalvert/WinMcpShim/tools/builtin.go:115.42,117.4 1 0
github.com/MauriceCalvert/WinMcpShim/tools/builtin.go:118.3,119.22 2 1
github.com/MauriceCalvert/WinMcpShim/tools/builtin.go:119.22,121.4 1 0
github.com/MauriceCalvert/WinMcpShim/tools/builtin.go:122.3,123.28 2 1
github.com/MauriceCalvert/WinMcpShim/tools/builtin.go:123.28,125.4 1 1
github.com/MauriceCalvert/WinMcpShim/tools/builtin.go:125.9,127.4 1 0
github.com/MauriceCalvert/WinMcpShim/tools/builtin.go:128.3,128.54 1 1
github.com/MauriceCalvert/WinMcpShim/tools/builtin.go:130.2,130.42 1 1
github.com/MauriceCalvert/WinMcpShim/tools/builtin.go:130.42,132.3 1 0
github.com/MauriceCalvert/WinMcpShim/tools/builtin.go:133.2,135.41 3 1
github.com/MauriceCalvert/WinMcpShim/tools/builtin.go:135.41,137.3 1 0
github.com/MauriceCalvert/WinMcpShim/tools/builtin.go:138.2,138.46 1 1
github.com/MauriceCalvert/WinMcpShim/tools/builtin.go:142.82,144.16 2 1
github.com/MauriceCalvert/WinMcpShim/tools/builtin.go:144.16,146.3 1 1
github.com/MauriceCalvert/WinMcpShim/tools/builtin.go:147.2,147.72 1 1
github.com/MauriceCalvert/WinMcpShim/tools/builtin.go:147.72,149.3 1 1
github.com/MauriceCalvert/WinMcpShim/tools/builtin.go:150.2,151.16 2 1
github.com/MauriceCalvert/WinMcpShim/tools/builtin.go:151.16,153.3 1 1
github.com/MauriceCalvert/WinMcpShim/tools/builtin.go:154.2,157.42 4 1
github.com/MauriceCalvert/WinMcpShim/tools/builtin.go:157.42,159.30 2 1
github.com/MauriceCalvert/WinMcpShim/tools/builtin.go:159.30,161.4 1 1
github.com/MauriceCalvert/WinMcpShim/tools/builtin.go:162.3,162.62 1 1
github.com/MauriceCalvert/WinMcpShim/tools/builtin.go:163.8,163.60 1 1
github.com/MauriceCalvert/WinMcpShim/tools/builtin.go:163.60,165.3 1 0
github.com/MauriceCalvert/WinMcpShim/tools/builtin.go:166.2,166.35 1 1
github.com/MauriceCalvert/WinMcpShim/tools/builtin.go:166.35,168.3 1 1
github.com/MauriceCalvert/WinMcpShim/tools/builtin.go:169.2,170.12 2 1
github.com/MauriceCalvert/WinMcpShim/tools/builtin.go:170.12,172.3 1 1
github.com/MauriceCalvert/WinMcpShim/tools/builtin.go:173.2,173.57 1 1
github.com/MauriceCalvert/WinMcpShim/tools/builtin.go:173.57,175.3 1 0
github.com/MauriceCalvert/WinMcpShim/tools/builtin.go:176.2,176.68 1 1
github.com/MauriceCalvert/WinMcpShim/tools/builtin.go:180.81,182.16 2 1
github.com/MauriceCalvert/WinMcpShim/tools/builtin.go:182.16,184.3 1 1
github.com/MauriceCalvert/WinMcpShim/tools/builtin.go:185.2,186.16 2 1
github.com/MauriceCalvert/WinMcpShim/tools/builtin.go:186.16,188.3 1 1
github.com/MauriceCalvert/WinMcpShim/tools/builtin.go:189.2,189.74 1 1
github.com/MauriceCalvert/WinMcpShim/tools/builtin.go:189.74,191.3 1 1
github.com/MauriceCalvert/WinMcpShim/tools/builtin.go:192.2,192.79 1 1
github.com/MauriceCalvert/WinMcpShim/tools/builtin.go:192.79,194.3 1 1
github.com/MauriceCalvert/WinMcpShim/tools/builtin.go:195.2,195.48 1 1
github.com/MauriceCalvert/WinMcpShim/tools/builtin.go:195.48,197.3 1 1
github.com/MauriceCalvert/WinMcpShim/tools/builtin.go:198.2,200.16 3 1
github.com/MauriceCalvert/WinMcpShim/tools/builtin.go:200.16,202.3 1 1
github.com/MauriceCalvert/WinMcpShim/tools/builtin.go:203.2,203.21 1 1
github.com/MauriceCalvert/WinMcpShim/tools/builtin.go:203.21,204.17 1 1
github.com/MauriceCalvert/WinMcpShim/tools/builtin.go:204.17,206.4 1 1
github.com/MauriceCalvert/WinMcpShim/tools/builtin.go:207.3,207.45 1 1
github.com/MauriceCalvert/WinMcpShim/tools/builtin.go:209.2,209.45 1 1
github.com/MauriceCalvert/WinMcpShim/tools/builtin.go:213.81,215.16 2 1
github.com/MauriceCalvert/WinMcpShim/tools/builtin.go:215.16,217.3 1 1
github.com/MauriceCalvert/WinMcpShim/tools/builtin.go:218.2,219.16 2 1
github.com/MauriceCalvert/WinMcpShim/tools/builtin.go:219.16,221.3 1 1
github.com/MauriceCalvert/WinMcpShim/tools/builtin.go:222.2,222.74 1 1
github.com/MauriceCalvert/WinMcpShim/tools/builtin.go:222.74,224.3 1 1
github.com/MauriceCalvert/WinMcpShim/tools/builtin.go:225.2,225.79 1 1
github.com/MauriceCalvert/WinMcpShim/tools/builtin.go:225.79,227.3 1 1
github.com/MauriceCalvert/WinMcpShim/tools/builtin.go:228.2,228.48 1 1
github.com/MauriceCalvert/WinMcpShim/tools/builtin.go:228.48,230.3 1 1
github.com/MauriceCalvert/WinMcpShim/tools/builtin.go:231.2,231.55 1 1
github.com/MauriceCalvert/WinMcpShim/tools/builtin.go:231.55,233.3 1 1
github.com/MauriceCalvert/WinMcpShim/tools/builtin.go:234.2,234.64 1 1
github.com/MauriceCalvert/WinMcpShim/tools/builtin.go:238.83,240.16 2 1
github.com/MauriceCalvert/WinMcpShim/tools/builtin.go:240.16,242.3 1 0
github.com/MauriceCalvert/WinMcpShim/tools/builtin.go:243.2,243.72 1 1
github.com/MauriceCalvert/WinMcpShim/tools/builtin.go:243.72,245.3 1 1
github.com/MauriceCalvert/WinMcpShim/tools/builtin.go:246.2,246.40 1 1
github.com/MauriceCalvert/WinMcpShim/tools/builtin.go:246.40,247.125 1 1
github.com/MauriceCalvert/WinMcpShim/tools/builtin.go:247.125,249.4 1 1
github.com/MauriceCalvert/WinMcpShim/tools/builtin.go:250.3,250.52 1 1
github.com/MauriceCalvert/WinMcpShim/tools/builtin.go:252.2,252.45 1 1
github.com/MauriceCalvert/WinMcpShim/tools/builtin.go:256.81,258.16 2 1
github.com/MauriceCalvert/WinMcpShim/tools/builtin.go:258.16,260.3 1 0
github.com/MauriceCalvert/WinMcpShim/tools/builtin.go:261.2,261.72 1 1
github.com/MauriceCalvert/WinMcpShim/tools/builtin.go:261.72,263.3 1 1
github.com/MauriceCalvert/WinMcpShim/tools/builtin.go:264.2,266.16 3 1
github.com/MauriceCalvert/WinMcpShim/tools/builtin.go:266.16,268.3 1 1
github.com/MauriceCalvert/WinMcpShim/tools/builtin.go:269.2,270.32 2 1
github.com/MauriceCalvert/WinMcpShim/tools/builtin.go:270.32,272.20 2 1
github.com/MauriceCalvert/WinMcpShim/tools/builtin.go:272.20,274.16 2 1
github.com/MauriceCalvert/WinMcpShim/tools/builtin.go:274.16,275.13 1 1
github.com/MauriceCalvert/WinMcpShim/tools/builtin.go:278.3,279.17 2 1
github.com/MauriceCalvert/WinMcpShim/tools/builtin.go:279.17,280.12 1 0
github.com/MauriceCalvert/WinMcpShim/tools/builtin.go:282.3,283.20 2 1
github.com/MauriceCalvert/WinMcpShim/tools/builtin.go:283.20,285.4 1 1
github.com/MauriceCalvert/WinMcpShim/tools/builtin.go:286.3,286.60 1 1
github.com/MauriceCalvert/WinMcpShim/tools/builtin.go:288.2,288.25 1 1
github.com/MauriceCalvert/WinMcpShim/tools/builtin.go:292.83,294.16 2 1
github.com/MauriceCalvert/WinMcpShim/tools/builtin.go:294.16,296.3 1 0
github.com/MauriceCalvert/WinMcpShim/tools/builtin.go:297.2,297.72 1 1
github.com/MauriceCalvert/WinMcpShim/tools/builtin.go:297.72,299.3 1 1
github.com/MauriceCalvert/WinMcpShim/tools/builtin.go:300.2,301.16 2 1
github.com/MauriceCalvert/WinMcpShim/tools/builtin.go:301.16,303.3 1 0
github.com/MauriceCalvert/WinMcpShim/tools/builtin.go:304.2,305.21 2 1
github.com/MauriceCalvert/WinMcpShim/tools/builtin.go:305.21,307.3 1 1
github.com/MauriceCalvert/WinMcpShim/tools/builtin.go:308.2,309.72 2 1
github.com/MauriceCalvert/WinMcpShim/tools/builtin.go:309.72,310.17 1 1
github.com/MauriceCalvert/WinMcpShim/tools/builtin.go:310.17,312.4 1 1
github.com/MauriceCalvert/WinMcpShim/tools/builtin.go:313.3,313.33 1 1
github.com/MauriceCalvert/WinMcpShim/tools/builtin.go:313.33,315.4 1 1
github.com/MauriceCalvert/WinMcpShim/tools/builtin.go:316.3,317.14 2 1
github.com/MauriceCalvert/WinMcpShim/tools/builtin.go:317.14,319.4 1 1
github.com/MauriceCalvert/WinMcpShim/tools/builtin.go:320.3,320.13 1 1
github.com/MauriceCalvert/WinMcpShim/tools/builtin.go:322.2,322.41 1 1
github.com/MauriceCalvert/WinMcpShim/tools/builtin.go:326.81,328.16 2 1
github.com/MauriceCalvert/WinMcpShim/tools/builtin.go:328.16,330.3 1 0
github.com/MauriceCalvert/WinMcpShim/tools/builtin.go:331.2,331.76 1 1
github.com/MauriceCalvert/WinMcpShim/tools/builtin.go:331.76,333.3 1 1
github.com/MauriceCalvert/WinMcpShim/tools/builtin.go:334.2,335.16 2 1
github.com/MauriceCalvert/WinMcpShim/tools/builtin.go:335.16,337.3 1 1
github.com/MauriceCalvert/WinMcpShim/tools/builtin.go:338.2,339.18 2 1
github.com/MauriceCalvert/WinMcpShim/tools/builtin.go:339.18,341.3 1 1
github.com/MauriceCalvert/WinMcpShim/tools/builtin.go:342.2,345.82 3 1
github.com/MauriceCalvert/WinMcpShim/tools/builtin.go:349.80,351.16 2 1
github.com/MauriceCalvert/WinMcpShim/tools/builtin.go:351.16,353.3 1 0
github.com/MauriceCalvert/WinMcpShim/tools/builtin.go:354.2,355.57 2 1
github.com/MauriceCalvert/WinMcpShim/tools/builtin.go:355.57,356.66 1 1
github.com/MauriceCalvert/WinMcpShim/tools/builtin.go:356.66,358.4 1 0
github.com/MauriceCalvert/WinMcpShim/tools/builtin.go:359.8,361.3 1 1
github.com/MauriceCalvert/WinMcpShim/tools/builtin.go:362.2,362.21 1 1
github.com/MauriceCalvert/WinMcpShim/tools/builtin.go:362.21,364.3 1 1
github.com/MauriceCalvert/WinMcpShim/tools/builtin.go:365.2,366.26 2 1
github.com/MauriceCalvert/WinMcpShim/tools/builtin.go:366.26,368.14 2 1
github.com/MauriceCalvert/WinMcpShim/tools/builtin.go:368.14,369.12 1 0
github.com/MauriceCalvert/WinMcpShim/tools/builtin.go:371.3,371.74 1 1
github.com/MauriceCalvert/WinMcpShim/tools/builtin.go:371.74,373.4 1 1
github.com/MauriceCalvert/WinMcpShim/tools/builtin.go:374.3,375.17 2 1
github.com/MauriceCalvert/WinMcpShim/tools/builtin.go:375.17,377.4 1 1
github.com/MauriceCalvert/WinMcpShim/tools/builtin.go:378.3,379.20 2 1
github.com/MauriceCalvert/WinMcpShim/tools/builtin.go:379.20,381.4 1 1
github.com/MauriceCalvert/WinMcpShim/tools/builtin.go:382.3,382.12 1 1
github.com/MauriceCalvert/WinMcpShim/tools/builtin.go:382.12,384.4 1 1
github.com/MauriceCalvert/WinMcpShim/tools/builtin.go:385.3,385.53 1 1
github.com/MauriceCalvert/WinMcpShim/tools/builtin.go:385.53,387.18 2 1
github.com/MauriceCalvert/WinMcpShim/tools/builtin.go:387.18,389.5 1 0
github.com/MauriceCalvert/WinMcpShim/tools/builtin.go:390.4,390.27 1 1
github.com/MauriceCalvert/WinMcpShim/tools/builtin.go:391.9,393.4 1 1
github.com/MauriceCalvert/WinMcpShim/tools/builtin.go:394.3,394.36 1 1
github.com/MauriceCalvert/WinMcpShim/tools/builtin.go:394.36,396.4 1 1
github.com/MauriceCalvert/WinMcpShim/tools/builtin.go:398.2,398.25 1 1
github.com/MauriceCalvert/WinMcpShim/tools/builtin.go:402.36,406.30 4 1
github.com/MauriceCalvert/WinMcpShim/tools/builtin.go:406.30,408.15 2 1
github.com/MauriceCalvert/WinMcpShim/tools/builtin.go:408.15,410.4 1 1
github.com/MauriceCalvert/WinMcpShim/tools/builtin.go:410.9,410.49 1 1
github.com/MauriceCalvert/WinMcpShim/tools/builtin.go:410.49,411.25 1 1
github.com/MauriceCalvert/WinMcpShim/tools/builtin.go:411.25,414.5 2 1
github.com/MauriceCalvert/WinMcpShim/tools/builtin.go:415.9,417.4 1 1
github.com/MauriceCalvert/WinMcpShim/tools/builtin.go:419.2,419.23 1 1
github.com/MauriceCalvert/WinMcpShim/tools/builtin.go:419.23,421.3 1 1
github.com/MauriceCalvert/WinMcpShim/tools/builtin.go:422.2,422.14 1 1
github.com/MauriceCalvert/WinMcpShim/tools/builtin.go:426.81,428.16 2 1
github.com/MauriceCalvert/WinMcpShim/tools/builtin.go:428.16,430.3 1 1
github.com/MauriceCalvert/WinMcpShim/tools/builtin.go:431.2,432.16 2 1
github.com/MauriceCalvert/WinMcpShim/tools/builtin.go:432.16,434.3 1 1
github.com/MauriceCalvert/WinMcpShim/tools/builtin.go:435.2,435.77 1 1
github.com/MauriceCalvert/WinMcpShim/tools/builtin.go:435.77,437.3 1 1
github.com/MauriceCalvert/WinMcpShim/tools/builtin.go:438.2,438.77 1 1
github.com/MauriceCalvert/WinMcpShim/tools/builtin.go:438.77,440.3 1 0
github.com/MauriceCalvert/WinMcpShim/tools/builtin.go:441.2,442.33 2 1
github.com/MauriceCalvert/WinMcpShim/tools/builtin.go:442.33,444.3 1 1
github.com/MauriceCalvert/WinMcpShim/tools/builtin.go:445.2,446.16 2 1
github.com/MauriceCalvert/WinMcpShim/tools/builtin.go:446.16,448.3 1 0
github.com/MauriceCalvert/WinMcpShim/tools/builtin.go:449.2,450.16 2 1
github.com/MauriceCalvert/WinMcpShim/tools/builtin.go:450.16,452.3 1 1
github.com/MauriceCalvert/WinMcpShim/tools/builtin.go:453.2,454.16 2 1
github.com/MauriceCalvert/WinMcpShim/tools/builtin.go:454.16,456.3 1 1
github.com/MauriceCalvert/WinMcpShim/tools/builtin.go:457.2,458.16 2 1
github.com/MauriceCalvert/WinMcpShim/tools/builtin.go:458.16,460.3 1 0
github.com/MauriceCalvert/WinMcpShim/tools/builtin.go:461.2,463.69 3 1
github.com/MauriceCalvert/WinMcpShim/tools/builtin.go:467.62,469.16 2 1
github.com/MauriceCalvert/WinMcpShim/tools/builtin.go:469.16,471.3 1 1
github.com/MauriceCalvert/WinMcpShim/tools/builtin.go:472.2,472.52 1 1
github.com/MauriceCalvert/WinMcpShim/tools/builtin.go:472.52,474.17 2 1
github.com/MauriceCalvert/WinMcpShim/tools/builtin.go:474.17,476.4 1 0
github.com/MauriceCalvert/WinMcpShim/tools/builtin.go:477.3,477.22 1 1
github.com/MauriceCalvert/WinMcpShim/tools/builtin.go:479.2,479.26 1 1
github.com/MauriceCalvert/WinMcpShim/tools/builtin.go:483.79,489.20 3 1
github.com/MauriceCalvert/WinMcpShim/tools/builtin.go:489.20,491.3 1 1
github.com/MauriceCalvert/WinMcpShim/tools/builtin.go:492.2,492.26 1 1
github.com/MauriceCalvert/WinMcpShim/tools/builtin.go:492.26,493.27 1 1
github.com/MauriceCalvert/WinMcpShim/tools/builtin.go:493.27,494.24 1 1
github.com/MauriceCalvert/WinMcpShim/tools/builtin.go:494.24,496.5 1 1
github.com/MauriceCalvert/WinMcpShim/tools/builtin.go:496.10,496.39 1 1
github.com/MauriceCalvert/WinMcpShim/tools/builtin.go:496.39,498.5 1 1
github.com/MauriceCalvert/WinMcpShim/tools/builtin.go:498.10,500.5 1 1
github.com/MauriceCalvert/WinMcpShim/tools/builtin.go:504.2,512.21 4 1
github.com/MauriceCalvert/WinMcpShim/tools/builtin.go:512.21,513.41 1 1
github.com/MauriceCalvert/WinMcpShim/tools/builtin.go:513.41,517.4 3 1
github.com/MauriceCalvert/WinMcpShim/tools/builtin.go:517.9,517.59 1 1
github.com/MauriceCalvert/WinMcpShim/tools/builtin.go:517.59,520.4 2 1
github.com/MauriceCalvert/WinMcpShim/tools/builtin.go:520.9,523.4 2 1
github.com/MauriceCalvert/WinMcpShim/tools/builtin.go:526.2,526.80 1 1
github.com/MauriceCalvert/WinMcpShim/tools/builtin.go:526.80,528.3 1 1
github.com/MauriceCalvert/WinMcpShim/tools/builtin.go:530.2,531.25 2 1
github.com/MauriceCalvert/WinMcpShim/tools/builtin.go:531.25,532.19 1 1
github.com/MauriceCalvert/WinMcpShim/tools/builtin.go:532.19,534.9 2 1
github.com/MauriceCalvert/WinMcpShim/tools/builtin.go:537.2,537.16 1 1
github.com/MauriceCalvert/WinMcpShim/tools/builtin.go:537.16,539.3 1 1
github.com/MauriceCalvert/WinMcpShim/tools/builtin.go:541.2,547.27 6 1
github.com/MauriceCalvert/WinMcpShim/tools/builtin.go:547.27,548.19 1 1
github.com/MauriceCalvert/WinMcpShim/tools/builtin.go:548.19,549.77 1 1
github.com/MauriceCalvert/WinMcpShim/tools/builtin.go:549.77,551.5 1 1
github.com/MauriceCalvert/WinMcpShim/tools/builtin.go:551.10,553.5 1 1
github.com/MauriceCalvert/WinMcpShim/tools/builtin.go:556.2,556.29 1 1
github.com/MauriceCalvert/WinMcpShim/tools/builtin.go:556.29,558.16 2 1
github.com/MauriceCalvert/WinMcpShim/tools/builtin.go:558.16,560.4 1 1
github.com/MauriceCalvert/WinMcpShim/tools/builtin.go:561.3,562.21 2 1
github.com/MauriceCalvert/WinMcpShim/tools/builtin.go:562.21,564.4 1 1
github.com/MauriceCalvert/WinMcpShim/tools/builtin.go:566.3,568.32 3 1
github.com/MauriceCalvert/WinMcpShim/tools/builtin.go:568.32,570.36 2 1
github.com/MauriceCalvert/WinMcpShim/tools/builtin.go:570.36,571.20 1 1
github.com/MauriceCalvert/WinMcpShim/tools/builtin.go:571.20,573.6 1 1
github.com/MauriceCalvert/WinMcpShim/tools/builtin.go:574.5,574.13 1 1
github.com/MauriceCalvert/WinMcpShim/tools/builtin.go:576.4,576.36 1 1
github.com/MauriceCalvert/WinMcpShim/tools/builtin.go:576.36,577.20 1 1
github.com/MauriceCalvert/WinMcpShim/tools/builtin.go:577.20,579.6 1 1
github.com/MauriceCalvert/WinMcpShim/tools/builtin.go:580.5,580.13 1 1
github.com/MauriceCalvert/WinMcpShim/tools/builtin.go:583.3,583.18 1 1
github.com/MauriceCalvert/WinMcpShim/tools/builtin.go:583.18,585.4 1 0
github.com/MauriceCalvert/WinMcpShim/tools/builtin.go:586.3,586.18 1 1
github.com/MauriceCalvert/WinMcpShim/tools/builtin.go:586.18,588.4 1 0
github.com/MauriceCalvert/WinMcpShim/tools/builtin.go:589.3,590.32 2 1
github.com/MauriceCalvert/WinMcpShim/tools/builtin.go:590.32,593.4 2 1
github.com/MauriceCalvert/WinMcpShim/tools/builtin.go:595.2,595.45 1 1
github.com/MauriceCalvert/WinMcpShim/tools/builtin.go:599.81,601.16 2 1
github.com/MauriceCalvert/WinMcpShim/tools/builtin.go:601.16,603.3 1 0
github.com/MauriceCalvert/WinMcpShim/tools/builtin.go:604.2,604.76 1 1
github.com/MauriceCalvert/WinMcpShim/tools/builtin.go:604.76,606.3 1 1
github.com/MauriceCalvert/WinMcpShim/tools/builtin.go:607.2,608.21 2 1
github.com/MauriceCalvert/WinMcpShim/tools/builtin.go:608.21,610.3 1 1
github.com/MauriceCalvert/WinMcpShim/tools/builtin.go:611.2,612.16 2 1
github.com/MauriceCalvert/WinMcpShim/tools/builtin.go:612.16,614.3 1 1
github.com/MauriceCalvert/WinMcpShim/tools/builtin.go:615.2,621.19 6 1
github.com/MauriceCalvert/WinMcpShim/tools/builtin.go:621.19,623.3 1 1
github.com/MauriceCalvert/WinMcpShim/tools/builtin.go:624.2,624.52 1 1
github.com/MauriceCalvert/WinMcpShim/tools/builtin.go:624.52,628.17 3 1
github.com/MauriceCalvert/WinMcpShim/tools/builtin.go:628.17,630.4 1 0
github.com/MauriceCalvert/WinMcpShim/tools/builtin.go:631.3,632.17 2 1
github.com/MauriceCalvert/WinMcpShim/tools/builtin.go:632.17,634.4 1 0
github.com/MauriceCalvert/WinMcpShim/tools/builtin.go:635.3,637.24 2 1
github.com/MauriceCalvert/WinMcpShim/tools/builtin.go:637.24,639.4 1 1
github.com/MauriceCalvert/WinMcpShim/tools/builtin.go:640.3,640.21 1 1
github.com/MauriceCalvert/WinMcpShim/tools/builtin.go:640.21,642.4 1 1
github.com/MauriceCalvert/WinMcpShim/tools/builtin.go:643.3,643.40 1 1
github.com/MauriceCalvert/WinMcpShim/tools/builtin.go:646.2,649.39 4 1
github.com/MauriceCalvert/WinMcpShim/tools/builtin.go:649.39,651.3 1 1
github.com/MauriceCalvert/WinMcpShim/tools/builtin.go:652.2,652.39 1 1
github.com/MauriceCalvert/WinMcpShim/tools/builtin.go:656.82,658.16 2 1
github.com/MauriceCalvert/WinMcpShim/tools/builtin.go:658.16,660.3 1 1
github.com/MauriceCalvert/WinMcpShim/tools/builtin.go:661.2,661.72 1 1
github.com/MauriceCalvert/WinMcpShim/tools/builtin.go:661.72,663.3 1 1
github.com/MauriceCalvert/WinMcpShim/tools/builtin.go:664.2,664.48 1 1
github.com/MauriceCalvert/WinMcpShim/tools/builtin.go:664.48,666.3 1 1
github.com/MauriceCalvert/WinMcpShim/tools/builtin.go:667.2,667.45 1 1
github.com/MauriceCalvert/WinMcpShim/tools/builtin.go:671.48,672.41 1 1
github.com/MauriceCalvert/WinMcpShim/tools/builtin.go:672.41,674.3 1 1
github.com/MauriceCalvert/WinMcpShim/tools/builtin.go:675.2,675.59 1 1
github.com/MauriceCalvert/WinMcpShim/tools/builtin.go:679.81,681.16 2 1
github.com/MauriceCalvert/WinMcpShim/tools/builtin.go:681.16,683.3 1 0
github.com/MauriceCalvert/WinMcpShim/tools/builtin.go:684.2,684.76 1 1
github.com/MauriceCalvert/WinMcpShim/tools/builtin.go:684.76,686.3 1 1
github.com/MauriceCalvert/WinMcpShim/tools/builtin.go:687.2,688.21 2 1
github.com/MauriceCalvert/WinMcpShim/tools/builtin.go:688.21,690.3 1 1
github.com/MauriceCalvert/WinMcpShim/tools/builtin.go:691.2,692.16 2 1
github.com/MauriceCalvert/WinMcpShim/tools/builtin.go:692.16,694.3 1 1
github.com/MauriceCalvert/WinMcpShim/tools/builtin.go:695.2,696.16 2 1
github.com/MauriceCalvert/WinMcpShim/tools/builtin.go:696.16,698.3 1 0
github.com/MauriceCalvert/WinMcpShim/tools/builtin.go:699.2,702.45 4 1
github.com/MauriceCalvert/WinMcpShim/tools/builtin.go:702.45,704.3 1 1
github.com/MauriceCalvert/WinMcpShim/tools/builtin.go:705.2,708.19 4 1
github.com/MauriceCalvert/WinMcpShim/tools/builtin.go:708.19,710.3 1 0
github.com/MauriceCalvert/WinMcpShim/tools/builtin.go:711.2,711.52 1 1
github.com/MauriceCalvert/WinMcpShim/tools/builtin.go:711.52,713.3 1 1
github.com/MauriceCalvert/WinMcpShim/tools/builtin.go:714.2,714.43 1 1
github.com/MauriceCalvert/WinMcpShim/tools/builtin.go:714.43,716.17 2 1
github.com/MauriceCalvert/WinMcpShim/tools/builtin.go:716.17,718.4 1 0
github.com/MauriceCalvert/WinMcpShim/tools/builtin.go:719.3,719.52 1 1
github.com/MauriceCalvert/WinMcpShim/tools/builtin.go:719.52,721.4 1 0
github.com/MauriceCalvert/WinMcpShim/tools/builtin.go:722.3,722.33 1 1
github.com/MauriceCalvert/WinMcpShim/tools/builtin.go:724.2,724.39 1 1
github.com/MauriceCalvert/WinMcpShim/tools/builtin.go:728.46,730.49 2 1
github.com/MauriceCalvert/WinMcpShim/tools/builtin.go:730.49,732.3 1 1
github.com/MauriceCalvert/WinMcpShim/tools/builtin.go:733.2,733.21 1 1
github.com/MauriceCalvert/WinMcpShim/tools/builtin.go:733.21,735.3 1 1
github.com/MauriceCalvert/WinMcpShim/tools/builtin.go:736.2,736.49 1 1
github.com/MauriceCalvert/WinMcpShim/tools/builtin.go:740.79,743.16 3 1
github.com/MauriceCalvert/WinMcpShim/tools/builtin.go:743.16,745.3 1 0
github.com/MauriceCalvert/WinMcpShim/tools/builtin.go:746.2,748.16 3 1
github.com/MauriceCalvert/WinMcpShim/tools/builtin.go:748.16,750.3 1 0
github.com/MauriceCalvert/WinMcpShim/tools/builtin.go:751.2,751.51 1 1
github.com/MauriceCalvert/WinMcpShim/tools/builtin.go:751.51,753.3 1 0
github.com/MauriceCalvert/WinMcpShim/tools/builtin.go:754.2,755.49 2 1
github.com/MauriceCalvert/WinMcpShim/tools/builtin.go:755.49,757.3 1 1
github.com/MauriceCalvert/WinMcpShim/tools/builtin.go:758.2,758.34 1 1
github.com/MauriceCalvert/WinMcpShim/tools/builtin.go:758.34,760.3 1 1
github.com/MauriceCalvert/WinMcpShim/tools/builtin.go:761.2,761.21 1 1
github.com/MauriceCalvert/WinMcpShim/tools/builtin.go:761.21,763.3 1 0
github.com/MauriceCalvert/WinMcpShim/tools/builtin.go:764.2,764.54 1 1
github.com/MauriceCalvert/WinMcpShim/tools/builtin.go:768.105,769.43 1 1
github.com/MauriceCalvert/WinMcpShim/tools/builtin.go:769.43,772.17 3 1
github.com/MauriceCalvert/WinMcpShim/tools/builtin.go:772.17,774.4 1 0
github.com/MauriceCalvert/WinMcpShim/tools/builtin.go:775.3,776.17 2 1
github.com/MauriceCalvert/WinMcpShim/tools/builtin.go:776.17,778.4 1 0
github.com/MauriceCalvert/WinMcpShim/tools/builtin.go:779.3,779.49 1 1
github.com/MauriceCalvert/WinMcpShim/tools/builtin.go:781.2,783.16 3 1
github.com/MauriceCalvert/WinMcpShim/tools/builtin.go:783.16,785.3 1 0
github.com/MauriceCalvert/WinMcpShim/tools/builtin.go:785.8,785.26 1 1
github.com/MauriceCalvert/WinMcpShim/tools/builtin.go:785.26,787.3 1 0
github.com/MauriceCalvert/WinMcpShim/tools/builtin.go:788.2,790.16 3 1
github.com/MauriceCalvert/WinMcpShim/tools/builtin.go:790.16,792.3 1 0
github.com/MauriceCalvert/WinMcpShim/tools/builtin.go:793.2,793.22 1 1
github.com/MauriceCalvert/WinMcpShim/tools/builtin.go:793.22,795.3 1 0
github.com/MauriceCalvert/WinMcpShim/tools/builtin.go:796.2,796.17 1 1
github.com/MauriceCalvert/WinMcpShim/tools/builtin.go:796.17,798.17 2 0
github.com/MauriceCalvert/WinMcpShim/tools/builtin.go:798.17,800.4 1 0
github.com/MauriceCalvert/WinMcpShim/tools/builtin.go:801.3,801.49 1 0
github.com/MauriceCalvert/WinMcpShim/tools/builtin.go:803.2,804.27 2 1
github.com/MauriceCalvert/WinMcpShim/tools/builtin.go:804.27,806.3 1 1
github.com/MauriceCalvert/WinMcpShim/tools/builtin.go:806.8,808.3 1 1
github.com/MauriceCalvert/WinMcpShim/tools/builtin.go:809.2,810.16 2 1
github.com/MauriceCalvert/WinMcpShim/tools/builtin.go:810.16,812.3 1 0
github.com/MauriceCalvert/WinMcpShim/tools/builtin.go:813.2,813.47 1 1
github.com/MauriceCalvert/WinMcpShim/tools/builtin.go:817.68,819.23 2 1
github.com/MauriceCalvert/WinMcpShim/tools/builtin.go:819.23,821.3 1 1
github.com/MauriceCalvert/WinMcpShim/tools/builtin.go:822.2,822.49 1 1
github.com/MauriceCalvert/WinMcpShim/tools/builtin.go:822.49,824.3 1 1
github.com/MauriceCalvert/WinMcpShim/tools/builtin.go:825.2,825.33 1 1
github.com/MauriceCalvert/WinMcpShim/tools/builtin.go:825.33,827.3 1 1
github.com/MauriceCalvert/WinMcpShim/tools/builtin.go:828.2,828.21 1 1
github.com/MauriceCalvert/WinMcpShim/tools/builtin.go:828.21,830.3 1 1
github.com/MauriceCalvert/WinMcpShim/tools/builtin.go:831.2,831.49 1 1
github.com/MauriceCalvert/WinMcpShim/tools/builtin.go:835.81,837.16 2 1
github.com/MauriceCalvert/WinMcpShim/tools/builtin.go:837.16,839.3 1 0
github.com/MauriceCalvert/WinMcpShim/tools/builtin.go:840.2,840.72 1 1
github.com/MauriceCalvert/WinMcpShim/tools/builtin.go:840.72,842.3 1 1
github.com/MauriceCalvert/WinMcpShim/tools/builtin.go:843.2,844.32 2 1
github.com/MauriceCalvert/WinMcpShim/tools/builtin.go:844.32,846.3 1 1
github.com/MauriceCalvert/WinMcpShim/tools/builtin.go:847.2,852.76 6 1
github.com/MauriceCalvert/WinMcpShim/tools/builtin.go:852.76,853.17 1 1
github.com/MauriceCalvert/WinMcpShim/tools/builtin.go:853.17,855.4 1 1
github.com/MauriceCalvert/WinMcpShim/tools/builtin.go:856.3,856.26 1 1
github.com/MauriceCalvert/WinMcpShim/tools/builtin.go:856.26,858.4 1 0
github.com/MauriceCalvert/WinMcpShim/tools/builtin.go:859.3,860.17 2 1
github.com/MauriceCalvert/WinMcpShim/tools/builtin.go:860.17,862.4 1 1
github.com/MauriceCalvert/WinMcpShim/tools/builtin.go:863.3,864.23 2 1
github.com/MauriceCalvert/WinMcpShim/tools/builtin.go:864.23,865.17 1 1
github.com/MauriceCalvert/WinMcpShim/tools/builtin.go:865.17,867.5 1 1
github.com/MauriceCalvert/WinMcpShim/tools/builtin.go:868.4,868.14 1 0
github.com/MauriceCalvert/WinMcpShim/tools/builtin.go:870.3,870.34 1 1
github.com/MauriceCalvert/WinMcpShim/tools/builtin.go:870.34,872.16 2 1
github.com/MauriceCalvert/WinMcpShim/tools/builtin.go:872.16,874.5 1 1
github.com/MauriceCalvert/WinMcpShim/tools/builtin.go:876.3,878.16 3 1
github.com/MauriceCalvert/WinMcpShim/tools/builtin.go:878.16,880.4 1 1
github.com/MauriceCalvert/WinMcpShim/tools/builtin.go:881.3,883.13 3 1
github.com/MauriceCalvert/WinMcpShim/tools/builtin.go:885.2,885.50 1 1
github.com/MauriceCalvert/WinMcpShim/tools/builtin.go:889.79,891.16 2 1
github.com/MauriceCalvert/WinMcpShim/tools/builtin.go:891.16,893.3 1 0
github.com/MauriceCalvert/WinMcpShim/tools/builtin.go:894.2,894.76 1 1
github.com/MauriceCalvert/WinMcpShim/tools/builtin.go:894.76,896.3 1 1
github.com/MauriceCalvert/WinMcpShim/tools/builtin.go:897.2,898.16 2 1
github.com/MauriceCalvert/WinMcpShim/tools/builtin.go:898.16,900.3 1 1
github.com/MauriceCalvert/WinMcpShim/tools/builtin.go:901.2,907.19 6 1
github.com/MauriceCalvert/WinMcpShim/tools/builtin.go:907.19,909.3 1 1
github.com/MauriceCalvert/WinMcpShim/tools/builtin.go:910.2,910.52 1 1
github.com/MauriceCalvert/WinMcpShim/tools/builtin.go:910.52,914.17 3 1
github.com/MauriceCalvert/WinMcpShim/tools/builtin.go:914.17,916.4 1 0
github.com/MauriceCalvert/WinMcpShim/tools/builtin.go:917.3,918.17 2 1
github.com/MauriceCalvert/WinMcpShim/tools/builtin.go:918.17,920.4 1 0
github.com/MauriceCalvert/WinMcpShim/tools/builtin.go:921.3,923.24 2 1
github.com/MauriceCalvert/WinMcpShim/tools/builtin.go:923.24,925.4 1 1
github.com/MauriceCalvert/WinMcpShim/tools/builtin.go:926.3,927.48 2 1
github.com/MauriceCalvert/WinMcpShim/tools/builtin.go:927.48,929.4 1 1
github.com/MauriceCalvert/WinMcpShim/tools/builtin.go:930.3,931.30 2 1
github.com/MauriceCalvert/WinMcpShim/tools/builtin.go:931.30,934.4 2 1
github.com/MauriceCalvert/WinMcpShim/tools/builtin.go:935.3,936.94 2 1
github.com/MauriceCalvert/WinMcpShim/tools/builtin.go:939.2,943.21 5 1
github.com/MauriceCalvert/WinMcpShim/tools/builtin.go:943.21,949.3 5 1
github.com/MauriceCalvert/WinMcpShim/tools/builtin.go:950.2,950.38 1 1
github.com/MauriceCalvert/WinMcpShim/tools/builtin.go:950.38,952.3 1 0
github.com/MauriceCalvert/WinMcpShim/tools/builtin.go:953.2,953.93 1 1
github.com/MauriceCalvert/WinMcpShim/tools/edit.go:15.81,17.16 2 1
github.com/MauriceCalvert/WinMcpShim/tools/edit.go:17.16,19.3 1 1
github.com/MauriceCalvert/WinMcpShim/tools/edit.go:20.2,20.72 1 1
github.com/MauriceCalvert/WinMcpShim/tools/edit.go:20.72,22.3 1 1
github.com/MauriceCalvert/WinMcpShim/tools/edit.go:23.2,24.16 2 1
github.com/MauriceCalvert/WinMcpShim/tools/edit.go:24.16,26.3 1 1
github.com/MauriceCalvert/WinMcpShim/tools/edit.go:27.2,28.16 2 1
github.com/MauriceCalvert/WinMcpShim/tools/edit.go:28.16,30.3 1 1
github.com/MauriceCalvert/WinMcpShim/tools/edit.go:31.2,32.24 2 0
github.com/MauriceCalvert/WinMcpShim/tools/edit.go:32.24,34.3 1 0
github.com/MauriceCalvert/WinMcpShim/tools/edit.go:35.2,41.16 3 0
github.com/MauriceCalvert/WinMcpShim/tools/edit.go:41.16,43.3 1 0
github.com/MauriceCalvert/WinMcpShim/tools/edit.go:44.2,50.16 7 0
github.com/MauriceCalvert/WinMcpShim/tools/edit.go:50.16,51.23 1 0
github.com/MauriceCalvert/WinMcpShim/tools/edit.go:51.23,53.4 1 0
github.com/MauriceCalvert/WinMcpShim/tools/edit.go:54.3,54.50 1 0
github.com/MauriceCalvert/WinMcpShim/tools/edit.go:56.2,56.29 1 0
github.com/MauriceCalvert/WinMcpShim/tools/edit.go:60.28,62.16 2 0
github.com/MauriceCalvert/WinMcpShim/tools/edit.go:62.16,64.3 1 0
github.com/MauriceCalvert/WinMcpShim/tools/edit.go:65.2,67.46 3 0
github.com/MauriceCalvert/WinMcpShim/tools/edit.go:67.46,69.3 1 0
github.com/MauriceCalvert/WinMcpShim/tools/edit.go:70.2,71.46 2 0
github.com/MauriceCalvert/WinMcpShim/tools/edit.go:71.46,73.3 1 0
github.com/MauriceCalvert/WinMcpShim/tools/edit.go:74.2,74.11 1 0
github.com/MauriceCalvert/WinMcpShim/tools/external.go:21.65,23.16 2 1
github.com/MauriceCalvert/WinMcpShim/tools/external.go:23.16,25.3 1 0
github.com/MauriceCalvert/WinMcpShim/tools/external.go:26.2,30.39 2 1
github.com/MauriceCalvert/WinMcpShim/tools/external.go:30.39,31.21 1 1
github.com/MauriceCalvert/WinMcpShim/tools/external.go:31.21,32.58 1 1
github.com/MauriceCalvert/WinMcpShim/tools/external.go:32.58,39.13 5 1
github.com/MauriceCalvert/WinMcpShim/tools/external.go:42.3,42.102 1 1
github.com/MauriceCalvert/WinMcpShim/tools/external.go:45.2,45.47 1 1
github.com/MauriceCalvert/WinMcpShim/tools/external.go:45.47,47.10 2 1
github.com/MauriceCalvert/WinMcpShim/tools/external.go:47.10,49.4 1 0
github.com/MauriceCalvert/WinMcpShim/tools/external.go:50.3,51.41 2 1
github.com/MauriceCalvert/WinMcpShim/tools/external.go:53.2,53.20 1 1
github.com/MauriceCalvert/WinMcpShim/tools/external.go:57.121,318.28 6 1
github.com/MauriceCalvert/WinMcpShim/tools/external.go:318.28,320.10 2 1
github.com/MauriceCalvert/WinMcpShim/tools/external.go:320.10,322.4 1 1
github.com/MauriceCalvert/WinMcpShim/tools/external.go:323.3,328.5 1 1
github.com/MauriceCalvert/WinMcpShim/tools/external.go:330.2,330.21 1 1
github.com/MauriceCalvert/WinMcpShim/tools/external.go:340.126,342.56 2 1
github.com/MauriceCalvert/WinMcpShim/tools/external.go:342.56,345.3 2 1
github.com/MauriceCalvert/WinMcpShim/tools/external.go:346.2,347.28 2 1
github.com/MauriceCalvert/WinMcpShim/tools/external.go:347.28,349.3 1 1
github.com/MauriceCalvert/WinMcpShim/tools/external.go:350.2,352.46 3 1
github.com/MauriceCalvert/WinMcpShim/tools/external.go:352.46,354.14 2 1
github.com/MauriceCalvert/WinMcpShim/tools/external.go:354.14,355.25 1 1
github.com/MauriceCalvert/WinMcpShim/tools/external.go:355.25,357.5 1 1
github.com/MauriceCalvert/WinMcpShim/tools/external.go:358.4,359.18 2 1
github.com/MauriceCalvert/WinMcpShim/tools/external.go:359.18,360.13 1 0
github.com/MauriceCalvert/WinMcpShim/tools/external.go:363.3,363.26 1 1
github.com/MauriceCalvert/WinMcpShim/tools/external.go:363.26,364.25 1 1
github.com/MauriceCalvert/WinMcpShim/tools/external.go:365.19,367.12 2 1
github.com/MauriceCalvert/WinMcpShim/tools/external.go:367.12,368.14 1 0
github.com/MauriceCalvert/WinMcpShim/tools/external.go:370.5,370.10 1 1
github.com/MauriceCalvert/WinMcpShim/tools/external.go:370.10,372.6 1 1
github.com/MauriceCalvert/WinMcpShim/tools/external.go:373.18,375.12 2 1
github.com/MauriceCalvert/WinMcpShim/tools/external.go:375.12,376.14 1 0
github.com/MauriceCalvert/WinMcpShim/tools/external.go:378.5,378.42 1 1
github.com/MauriceCalvert/WinMcpShim/tools/external.go:379.19,381.12 2 1
github.com/MauriceCalvert/WinMcpShim/tools/external.go:381.12,382.14 1 0
github.com/MauriceCalvert/WinMcpShim/tools/external.go:384.5,384.66 1 1
github.com/MauriceCalvert/WinMcpShim/tools/external.go:386.9,388.25 2 1
github.com/MauriceCalvert/WinMcpShim/tools/external.go:389.18,390.34 1 1
github.com/MauriceCalvert/WinMcpShim/tools/external.go:390.34,392.6 1 1
github.com/MauriceCalvert/WinMcpShim/tools/external.go:393.19,394.35 1 1
github.com/MauriceCalvert/WinMcpShim/tools/external.go:394.35,396.6 1 1
github.com/MauriceCalvert/WinMcpShim/tools/external.go:397.19,398.13 1 0
github.com/MauriceCalvert/WinMcpShim/tools/external.go:399.12,400.13 1 0
github.com/MauriceCalvert/WinMcpShim/tools/external.go:402.4,402.15 1 1
github.com/MauriceCalvert/WinMcpShim/tools/external.go:402.15,407.5 1 1
github.com/MauriceCalvert/WinMcpShim/tools/external.go:410.2,410.46 1 1
github.com/MauriceCalvert/WinMcpShim/tools/external.go:410.46,412.3 1 1
github.com/MauriceCalvert/WinMcpShim/tools/external.go:413.2,413.32 1 1
github.com/MauriceCalvert/WinMcpShim/tools/external.go:413.32,415.3 1 1
github.com/MauriceCalvert/WinMcpShim/tools/external.go:416.2,416.62 1 1
github.com/MauriceCalvert/WinMcpShim/tools/external.go:420.95,423.46 3 1
github.com/MauriceCalvert/WinMcpShim/tools/external.go:423.46,429.24 3 1
github.com/MauriceCalvert/WinMcpShim/tools/external.go:429.24,431.4 1 1
github.com/MauriceCalvert/WinMcpShim/tools/external.go:433.2,434.25 2 1
github.com/MauriceCalvert/WinMcpShim/tools/external.go:434.25,436.3 1 1
github.com/MauriceCalvert/WinMcpShim/tools/external.go:437.2,445.23 3 1
github.com/MauriceCalvert/WinMcpShim/tools/external.go:445.23,447.3 1 1
github.com/MauriceCalvert/WinMcpShim/tools/external.go:448.2,450.17 3 1
github.com/MauriceCalvert/WinMcpShim/tools/external.go:450.17,452.3 1 1
github.com/MauriceCalvert/WinMcpShim/tools/external.go:453.2,465.3 2 1
github.com/MauriceCalvert/WinMcpShim/tools/grep.go:16.81,18.16 2 1
github.com/MauriceCalvert/WinMcpShim/tools/grep.go:18.16,20.3 1 1
github.com/MauriceCalvert/WinMcpShim/tools/grep.go:21.2,22.16 2 1
github.com/MauriceCalvert/WinMcpShim/tools/grep.go:22.16,24.3 1 1
github.com/MauriceCalvert/WinMcpShim/tools/grep.go:25.2,28.69 4 1
github.com/MauriceCalvert/WinMcpShim/tools/grep.go:28.69,30.3 1 1
github.com/MauriceCalvert/WinMcpShim/tools/grep.go:31.2,33.22 3 1
github.com/MauriceCalvert/WinMcpShim/tools/grep.go:33.22,35.3 1 0
github.com/MauriceCalvert/WinMcpShim/tools/grep.go:36.2,37.32 2 1
github.com/MauriceCalvert/WinMcpShim/tools/grep.go:37.32,39.3 1 1
github.com/MauriceCalvert/WinMcpShim/tools/grep.go:41.2,41.19 1 1
github.com/MauriceCalvert/WinMcpShim/tools/grep.go:41.19,43.3 1 1
github.com/MauriceCalvert/WinMcpShim/tools/grep.go:45.2,45.16 1 1
github.com/MauriceCalvert/WinMcpShim/tools/grep.go:45.16,47.3 1 1
github.com/MauriceCalvert/WinMcpShim/tools/grep.go:48.2,49.16 2 1
github.com/MauriceCalvert/WinMcpShim/tools/grep.go:49.16,51.3 1 1
github.com/MauriceCalvert/WinMcpShim/tools/grep.go:53.2,54.16 2 1
github.com/MauriceCalvert/WinMcpShim/tools/grep.go:54.16,56.3 1 1
github.com/MauriceCalvert/WinMcpShim/tools/grep.go:58.2,61.19 3 1
github.com/MauriceCalvert/WinMcpShim/tools/grep.go:61.19,63.77 1 1
github.com/MauriceCalvert/WinMcpShim/tools/grep.go:63.77,65.4 1 0
github.com/MauriceCalvert/WinMcpShim/tools/grep.go:66.3,67.31 2 1
github.com/MauriceCalvert/WinMcpShim/tools/grep.go:67.31,69.4 1 1
github.com/MauriceCalvert/WinMcpShim/tools/grep.go:70.3,70.26 1 1
github.com/MauriceCalvert/WinMcpShim/tools/grep.go:74.2,74.72 1 1
github.com/MauriceCalvert/WinMcpShim/tools/grep.go:74.72,76.3 1 1
github.com/MauriceCalvert/WinMcpShim/tools/grep.go:77.2,77.16 1 1
github.com/MauriceCalvert/WinMcpShim/tools/grep.go:77.16,80.17 2 1
github.com/MauriceCalvert/WinMcpShim/tools/grep.go:80.17,82.4 1 0
github.com/MauriceCalvert/WinMcpShim/tools/grep.go:83.3,83.33 1 1
github.com/MauriceCalvert/WinMcpShim/tools/grep.go:83.33,84.32 1 1
github.com/MauriceCalvert/WinMcpShim/tools/grep.go:84.32,85.10 1 0
github.com/MauriceCalvert/WinMcpShim/tools/grep.go:87.4,87.21 1 1
github.com/MauriceCalvert/WinMcpShim/tools/grep.go:87.21,88.13 1 1
github.com/MauriceCalvert/WinMcpShim/tools/grep.go:90.4,91.21 2 1
github.com/MauriceCalvert/WinMcpShim/tools/grep.go:91.21,93.17 2 0
github.com/MauriceCalvert/WinMcpShim/tools/grep.go:93.17,94.14 1 0
github.com/MauriceCalvert/WinMcpShim/tools/grep.go:97.4,99.64 2 1
github.com/MauriceCalvert/WinMcpShim/tools/grep.go:99.64,100.13 1 0
github.com/MauriceCalvert/WinMcpShim/tools/grep.go:102.4,103.19 2 1
github.com/MauriceCalvert/WinMcpShim/tools/grep.go:105.3,105.31 1 1
github.com/MauriceCalvert/WinMcpShim/tools/grep.go:105.31,107.4 1 0
github.com/MauriceCalvert/WinMcpShim/tools/grep.go:108.3,108.26 1 1
github.com/MauriceCalvert/WinMcpShim/tools/grep.go:112.2,112.76 1 1
github.com/MauriceCalvert/WinMcpShim/tools/grep.go:112.76,113.21 1 1
github.com/MauriceCalvert/WinMcpShim/tools/grep.go:113.21,116.4 1 0
github.com/MauriceCalvert/WinMcpShim/tools/grep.go:117.3,117.31 1 1
github.com/MauriceCalvert/WinMcpShim/tools/grep.go:117.31,119.4 1 0
github.com/MauriceCalvert/WinMcpShim/tools/grep.go:120.3,120.16 1 1
github.com/MauriceCalvert/WinMcpShim/tools/grep.go:120.16,122.4 1 1
github.com/MauriceCalvert/WinMcpShim/tools/grep.go:123.3,124.20 2 1
github.com/MauriceCalvert/WinMcpShim/tools/grep.go:124.20,126.16 2 1
github.com/MauriceCalvert/WinMcpShim/tools/grep.go:126.16,128.5 1 1
github.com/MauriceCalvert/WinMcpShim/tools/grep.go:131.3,131.62 1 1
github.com/MauriceCalvert/WinMcpShim/tools/grep.go:131.62,133.4 1 1
github.com/MauriceCalvert/WinMcpShim/tools/grep.go:134.3,136.13 3 1
github.com/MauriceCalvert/WinMcpShim/tools/grep.go:139.2,139.30 1 1
github.com/MauriceCalvert/WinMcpShim/tools/grep.go:139.30,141.3 1 0
github.com/MauriceCalvert/WinMcpShim/tools/grep.go:142.2,142.25 1 1
github.com/MauriceCalvert/WinMcpShim/tools/grep.go:148.139,150.16 2 1
github.com/MauriceCalvert/WinMcpShim/tools/grep.go:150.16,152.3 1 0
github.com/MauriceCalvert/WinMcpShim/tools/grep.go:153.2,159.12 5 1
github.com/MauriceCalvert/WinMcpShim/tools/grep.go:159.12,161.3 1 1
github.com/MauriceCalvert/WinMcpShim/tools/grep.go:163.2,164.19 2 1
github.com/MauriceCalvert/WinMcpShim/tools/grep.go:164.19,167.3 1 1
github.com/MauriceCalvert/WinMcpShim/tools/grep.go:169.2,170.52 2 1
github.com/MauriceCalvert/WinMcpShim/tools/grep.go:170.52,174.17 3 1
github.com/MauriceCalvert/WinMcpShim/tools/grep.go:174.17,176.4 1 0
github.com/MauriceCalvert/WinMcpShim/tools/grep.go:177.3,178.17 2 1
github.com/MauriceCalvert/WinMcpShim/tools/grep.go:178.17,180.4 1 0
github.com/MauriceCalvert/WinMcpShim/tools/grep.go:181.3,182.24 2 1
github.com/MauriceCalvert/WinMcpShim/tools/grep.go:182.24,184.4 1 1
github.com/MauriceCalvert/WinMcpShim/tools/grep.go:185.8,190.22 4 1
github.com/MauriceCalvert/WinMcpShim/tools/grep.go:190.22,192.4 1 1
github.com/MauriceCalvert/WinMcpShim/tools/grep.go:195.2,195.23 1 1
github.com/MauriceCalvert/WinMcpShim/tools/grep.go:195.23,197.3 1 1
github.com/MauriceCalvert/WinMcpShim/tools/grep.go:198.2,198.86 1 1
github.com/MauriceCalvert/WinMcpShim/tools/grep.go:202.129,204.29 2 1
github.com/MauriceCalvert/WinMcpShim/tools/grep.go:204.29,205.26 1 1
github.com/MauriceCalvert/WinMcpShim/tools/grep.go:205.26,206.9 1 1
github.com/MauriceCalvert/WinMcpShim/tools/grep.go:208.3,208.27 1 1
github.com/MauriceCalvert/WinMcpShim/tools/grep.go:208.27,211.4 2 1
github.com/MauriceCalvert/WinMcpShim/tools/grep.go:213.2,213.14 1 1
github.com/MauriceCalvert/WinMcpShim/tools/grep.go:217.149,221.29 3 1
github.com/MauriceCalvert/WinMcpShim/tools/grep.go:221.29,222.26 1 1
github.com/MauriceCalvert/WinMcpShim/tools/grep.go:222.26,223.9 1 0
github.com/MauriceCalvert/WinMcpShim/tools/grep.go:225.3,225.28 1 1
github.com/MauriceCalvert/WinMcpShim/tools/grep.go:225.28,226.12 1 1
github.com/MauriceCalvert/WinMcpShim/tools/grep.go:228.3,232.16 3 1
github.com/MauriceCalvert/WinMcpShim/tools/grep.go:232.16,234.4 1 1
github.com/MauriceCalvert/WinMcpShim/tools/grep.go:235.3,235.27 1 1
github.com/MauriceCalvert/WinMcpShim/tools/grep.go:235.27,237.4 1 1
github.com/MauriceCalvert/WinMcpShim/tools/grep.go:240.3,240.48 1 1
github.com/MauriceCalvert/WinMcpShim/tools/grep.go:240.48,242.4 1 1
github.com/MauriceCalvert/WinMcpShim/tools/grep.go:245.3,245.30 1 1
github.com/MauriceCalvert/WinMcpShim/tools/grep.go:245.30,247.4 1 1
github.com/MauriceCalvert/WinMcpShim/tools/grep.go:250.3,255.24 4 1
github.com/MauriceCalvert/WinMcpShim/tools/grep.go:255.24,257.4 1 1
github.com/MauriceCalvert/WinMcpShim/tools/grep.go:258.3,258.33 1 1
github.com/MauriceCalvert/WinMcpShim/tools/grep.go:258.33,259.27 1 1
github.com/MauriceCalvert/WinMcpShim/tools/grep.go:259.27,260.10 1 0
github.com/MauriceCalvert/WinMcpShim/tools/grep.go:262.4,262.32 1 1
github.com/MauriceCalvert/WinMcpShim/tools/grep.go:262.32,264.10 1 1
github.com/MauriceCalvert/WinMcpShim/tools/grep.go:266.4,267.19 2 1
github.com/MauriceCalvert/WinMcpShim/tools/grep.go:270.2,270.14 1 1
github.com/MauriceCalvert/WinMcpShim/tools/grep.go:274.107,275.18 1 1
github.com/MauriceCalvert/WinMcpShim/tools/grep.go:275.18,277.18 2 1
github.com/MauriceCalvert/WinMcpShim/tools/grep.go:277.18,279.4 1 1
github.com/MauriceCalvert/WinMcpShim/tools/grep.go:279.9,283.4 3 1
github.com/MauriceCalvert/WinMcpShim/tools/grep.go:284.8,285.18 1 1
github.com/MauriceCalvert/WinMcpShim/tools/grep.go:285.18,287.4 1 1
github.com/MauriceCalvert/WinMcpShim/tools/grep.go:287.9,290.4 2 1
github.com/MauriceCalvert/WinMcpShim/tools/grep.go:295.62,321.2 1 1
github.com/MauriceCalvert/WinMcpShim/tools/run.go:33.121,35.16 2 1
github.com/MauriceCalvert/WinMcpShim/tools/run.go:35.16,37.3 1 1
github.com/MauriceCalvert/WinMcpShim/tools/run.go:38.2,38.78 1 1
github.com/MauriceCalvert/WinMcpShim/tools/run.go:38.78,40.3 1 1
github.com/MauriceCalvert/WinMcpShim/tools/run.go:41.2,43.19 3 1
github.com/MauriceCalvert/WinMcpShim/tools/run.go:43.19,45.3 1 1
github.com/MauriceCalvert/WinMcpShim/tools/run.go:46.2,47.56 2 1
github.com/MauriceCalvert/WinMcpShim/tools/run.go:47.56,49.3 1 1
github.com/MauriceCalvert/WinMcpShim/tools/run.go:50.2,58.16 3 1
github.com/MauriceCalvert/WinMcpShim/tools/run.go:58.16,60.3 1 0
github.com/MauriceCalvert/WinMcpShim/tools/run.go:61.2,61.26 1 1
github.com/MauriceCalvert/WinMcpShim/tools/run.go:61.26,63.3 1 0
github.com/MauriceCalvert/WinMcpShim/tools/run.go:64.2,64.37 1 1
github.com/MauriceCalvert/WinMcpShim/tools/run.go:68.43,70.20 2 1
github.com/MauriceCalvert/WinMcpShim/tools/run.go:70.20,72.3 1 1
github.com/MauriceCalvert/WinMcpShim/tools/run.go:73.2,73.20 1 1
github.com/MauriceCalvert/WinMcpShim/tools/run.go:73.20,74.19 1 1
github.com/MauriceCalvert/WinMcpShim/tools/run.go:74.19,76.4 1 1
github.com/MauriceCalvert/WinMcpShim/tools/run.go:77.3,77.27 1 1
github.com/MauriceCalvert/WinMcpShim/tools/run.go:79.2,79.21 1 1
github.com/MauriceCalvert/WinMcpShim/tools/run.go:79.21,81.3 1 1
github.com/MauriceCalvert/WinMcpShim/tools/run.go:82.2,82.20 1 1
github.com/MauriceCalvert/WinMcpShim/tools/run.go:86.46,87.11 1 1
github.com/MauriceCalvert/WinMcpShim/tools/run.go:87.11,89.3 1 1
github.com/MauriceCalvert/WinMcpShim/tools/run.go:90.2,90.20 1 1
github.com/MauriceCalvert/WinMcpShim/tools/run.go:90.20,92.3 1 1
github.com/MauriceCalvert/WinMcpShim/tools/run.go:93.2,93.10 1 1
github.com/MauriceCalvert/WinMcpShim/tools/run.go:99.92,106.16 7 1
github.com/MauriceCalvert/WinMcpShim/tools/run.go:106.16,108.3 1 0
github.com/MauriceCalvert/WinMcpShim/tools/run.go:109.2,110.16 2 1
github.com/MauriceCalvert/WinMcpShim/tools/run.go:110.16,112.3 1 0
github.com/MauriceCalvert/WinMcpShim/tools/run.go:113.2,113.36 1 1
github.com/MauriceCalvert/WinMcpShim/tools/run.go:113.36,115.3 1 0
github.com/MauriceCalvert/WinMcpShim/tools/run.go:116.2,117.31 2 1
github.com/MauriceCalvert/WinMcpShim/tools/run.go:117.31,118.68 1 1
github.com/MauriceCalvert/WinMcpShim/tools/run.go:118.68,121.4 2 0
github.com/MauriceCalvert/WinMcpShim/tools/run.go:123.2,124.15 2 1
github.com/MauriceCalvert/WinMcpShim/tools/run.go:124.15,124.45 1 1
github.com/MauriceCalvert/WinMcpShim/tools/run.go:125.2,134.12 10 1
github.com/MauriceCalvert/WinMcpShim/tools/run.go:134.12,137.7 3 1
github.com/MauriceCalvert/WinMcpShim/tools/run.go:137.7,139.13 2 1
github.com/MauriceCalvert/WinMcpShim/tools/run.go:139.13,143.22 4 1
github.com/MauriceCalvert/WinMcpShim/tools/run.go:143.22,145.28 2 1
github.com/MauriceCalvert/WinMcpShim/tools/run.go:145.28,147.7 1 1
github.com/MauriceCalvert/WinMcpShim/tools/run.go:148.6,149.20 2 1
github.com/MauriceCalvert/WinMcpShim/tools/run.go:149.20,151.7 1 1
github.com/MauriceCalvert/WinMcpShim/tools/run.go:152.11,154.6 1 0
github.com/MauriceCalvert/WinMcpShim/tools/run.go:155.5,157.17 3 1
github.com/MauriceCalvert/WinMcpShim/tools/run.go:157.17,158.13 1 1
github.com/MauriceCalvert/WinMcpShim/tools/run.go:159.35,159.35 0 1
github.com/MauriceCalvert/WinMcpShim/tools/run.go:160.14,160.14 0 0
github.com/MauriceCalvert/WinMcpShim/tools/run.go:162.6,162.12 1 1
github.com/MauriceCalvert/WinMcpShim/tools/run.go:165.4,165.22 1 1
github.com/MauriceCalvert/WinMcpShim/tools/run.go:165.22,167.5 1 1
github.com/MauriceCalvert/WinMcpShim/tools/run.go:170.2,170.12 1 1
github.com/MauriceCalvert/WinMcpShim/tools/run.go:170.12,173.7 3 1
github.com/MauriceCalvert/WinMcpShim/tools/run.go:173.7,175.13 2 1
github.com/MauriceCalvert/WinMcpShim/tools/run.go:175.13,179.22 4 1
github.com/MauriceCalvert/WinMcpShim/tools/run.go:179.22,181.28 2 1
github.com/MauriceCalvert/WinMcpShim/tools/run.go:181.28,183.7 1 1
github.com/MauriceCalvert/WinMcpShim/tools/run.go:184.6,185.20 2 1
github.com/MauriceCalvert/WinMcpShim/tools/run.go:185.20,187.7 1 1
github.com/MauriceCalvert/WinMcpShim/tools/run.go:188.11,190.6 1 1
github.com/MauriceCalvert/WinMcpShim/tools/run.go:191.5,191.16 1 1
github.com/MauriceCalvert/WinMcpShim/tools/run.go:193.4,193.22 1 1
github.com/MauriceCalvert/WinMcpShim/tools/run.go:193.22,195.5 1 1
github.com/MauriceCalvert/WinMcpShim/tools/run.go:198.2,199.12 2 1
github.com/MauriceCalvert/WinMcpShim/tools/run.go:199.12,202.3 2 1
github.com/MauriceCalvert/WinMcpShim/tools/run.go:203.2,211.21 4 1
github.com/MauriceCalvert/WinMcpShim/tools/run.go:211.21,215.3 3 1
github.com/MauriceCalvert/WinMcpShim/tools/run.go:216.2,216.9 1 1
github.com/MauriceCalvert/WinMcpShim/tools/run.go:217.18,217.18 0 1
github.com/MauriceCalvert/WinMcpShim/tools/run.go:219.17,222.13 3 1
github.com/MauriceCalvert/WinMcpShim/tools/run.go:223.20,226.13 3 0
github.com/MauriceCalvert/WinMcpShim/tools/run.go:227.19,230.13 3 1
github.com/MauriceCalvert/WinMcpShim/tools/run.go:232.2,232.15 1 1
github.com/MauriceCalvert/WinMcpShim/tools/run.go:233.23,237.9 1 1
github.com/MauriceCalvert/WinMcpShim/tools/run.go:238.18,242.9 1 0
github.com/MauriceCalvert/WinMcpShim/tools/run.go:244.2,246.20 3 1
github.com/MauriceCalvert/WinMcpShim/tools/run.go:246.20,247.51 1 1
github.com/MauriceCalvert/WinMcpShim/tools/run.go:247.51,249.4 1 1
github.com/MauriceCalvert/WinMcpShim/tools/run.go:249.9,249.30 1 0
github.com/MauriceCalvert/WinMcpShim/tools/run.go:249.30,254.4 1 0
github.com/MauriceCalvert/WinMcpShim/tools/run.go:254.9,256.4 1 0
github.com/MauriceCalvert/WinMcpShim/tools/run.go:258.2,264.14 7 1
github.com/MauriceCalvert/WinMcpShim/tools/run.go:264.14,266.3 1 1
github.com/MauriceCalvert/WinMcpShim/tools/run.go:267.2,267.20 1 1
github.com/MauriceCalvert/WinMcpShim/tools/run.go:267.20,269.3 1 1
github.com/MauriceCalvert/WinMcpShim/tools/run.go:270.2,274.8 1 1
github.com/MauriceCalvert/WinMcpShim/tools/run.go:278.35,283.30 5 1
github.com/MauriceCalvert/WinMcpShim/tools/run.go:283.30,285.14 2 1
github.com/MauriceCalvert/WinMcpShim/tools/run.go:285.14,286.22 1 1
github.com/MauriceCalvert/WinMcpShim/tools/run.go:286.22,288.5 1 1
github.com/MauriceCalvert/WinMcpShim/tools/run.go:288.10,290.5 1 1
github.com/MauriceCalvert/WinMcpShim/tools/run.go:291.9,291.35 1 1
github.com/MauriceCalvert/WinMcpShim/tools/run.go:291.35,294.4 2 1
github.com/MauriceCalvert/WinMcpShim/tools/run.go:294.9,294.35 1 1
github.com/MauriceCalvert/WinMcpShim/tools/run.go:294.35,295.25 1 1
github.com/MauriceCalvert/WinMcpShim/tools/run.go:295.25,298.5 2 1
github.com/MauriceCalvert/WinMcpShim/tools/run.go:299.9,301.4 1 1
github.com/MauriceCalvert/WinMcpShim/tools/run.go:303.2,303.23 1 1
github.com/MauriceCalvert/WinMcpShim/tools/run.go:303.23,305.3 1 1
github.com/MauriceCalvert/WinMcpShim/tools/run.go:306.2,306.13 1 1
github.com/MauriceCalvert/WinMcpShim/tools/run.go:310.109,312.21 2 1
github.com/MauriceCalvert/WinMcpShim/tools/run.go:312.21,314.3 1 0
github.com/MauriceCalvert/WinMcpShim/tools/run.go:315.2,316.16 2 1
github.com/MauriceCalvert/WinMcpShim/tools/run.go:316.16,318.3 1 0
github.com/MauriceCalvert/WinMcpShim/tools/run.go:319.2,320.20 2 1
github.com/MauriceCalvert/WinMcpShim/tools/run.go:320.20,322.3 1 0
github.com/MauriceCalvert/WinMcpShim/tools/run.go:323.2,331.16 3 1
github.com/MauriceCalvert/WinMcpShim/tools/run.go:331.16,333.3 1 0
github.com/MauriceCalvert/WinMcpShim/tools/run.go:334.2,334.26 1 1
github.com/MauriceCalvert/WinMcpShim/tools/run.go:334.26,336.3 1 0
github.com/MauriceCalvert/WinMcpShim/tools/run.go:337.2,338.36 2 1
github.com/MauriceCalvert/WinMcpShim/tools/run.go:338.36,340.3 1 1
github.com/MauriceCalvert/WinMcpShim/tools/run.go:340.8,341.45 1 1
github.com/MauriceCalvert/WinMcpShim/tools/run.go:341.45,342.31 1 1
github.com/MauriceCalvert/WinMcpShim/tools/run.go:342.31,344.10 2 1
github.com/MauriceCalvert/WinMcpShim/tools/run.go:348.2,350.25 3 1
github.com/MauriceCalvert/WinMcpShim/tools/run.go:350.25,351.19 1 1
github.com/MauriceCalvert/WinMcpShim/tools/run.go:351.19,353.4 1 1
github.com/MauriceCalvert/WinMcpShim/tools/run.go:354.3,354.32 1 1
github.com/MauriceCalvert/WinMcpShim/tools/run.go:356.2,356.16 1 1
github.com/MauriceCalvert/WinMcpShim/tools/run.go:356.16,358.3 1 1
github.com/MauriceCalvert/WinMcpShim/tools/run.go:359.2,359.25 1 1
